[0m2022-06-05 13:10:14 V/Net 2575966472: No server list cached.[0m
[92m2022-06-05 13:10:15 I/Net 2575966472: ECDH key is invalid, start to fetch ecdh public key from server.[0m
[92m2022-06-05 13:10:15 I/Net 2575966472: Successfully fetched ecdh public key from server.[0m
[0m2022-06-05 13:10:15 V/Net 2575966472: Send: wtlogin.login[0m
[0m2022-06-05 13:10:16 V/Net 2575966472: Recv: wtlogin.login[0m
[0m2022-06-05 13:10:25 V/Net 2575966472: Send: wtlogin.login[0m
[0m2022-06-05 13:10:26 V/Net 2575966472: Recv: wtlogin.login[0m
[91m2022-06-05 13:10:26 W/Net 2575966472: net.mamoe.mirai.network.WrongPasswordException: Error(bot=Bot(2575966472), code=237, title=安全提醒, message=当前登录存在安全风险，请使用常用设备或通过手机号登录。, errorInfo=)
net.mamoe.mirai.network.WrongPasswordException: Error(bot=Bot(2575966472), code=237, title=安全提醒, message=当前登录存在安全风险，请使用常用设备或通过手机号登录。, errorInfo=)
	at net.mamoe.mirai.internal.network.components.SsoProcessorImpl$SlowLoginImpl.doLogin(SsoProcessor.kt:265)
	at net.mamoe.mirai.internal.network.components.SsoProcessorImpl$SlowLoginImpl$doLogin$1.invokeSuspend(SsoProcessor.kt)
	at kotlin.coroutines.jvm.internal.BaseContinuationImpl.resumeWith(ContinuationImpl.kt:33)
	at kotlinx.coroutines.internal.ScopeCoroutine.afterResume(Scopes.kt:33)
	at kotlinx.coroutines.AbstractCoroutine.resumeWith(AbstractCoroutine.kt:102)
	at kotlin.coroutines.jvm.internal.BaseContinuationImpl.resumeWith(ContinuationImpl.kt:46)
	at kotlinx.coroutines.DispatchedTask.run(DispatchedTask.kt:106)
	at kotlinx.coroutines.scheduling.CoroutineScheduler.runSafely(CoroutineScheduler.kt:571)
	at kotlinx.coroutines.scheduling.CoroutineScheduler$Worker.executeTask(CoroutineScheduler.kt:750)
	at kotlinx.coroutines.scheduling.CoroutineScheduler$Worker.runWorker(CoroutineScheduler.kt:678)
	at kotlinx.coroutines.scheduling.CoroutineScheduler$Worker.run(CoroutineScheduler.kt:665)
[0m
[0m2022-06-05 13:10:43 V/Net 2575966472: No server list cached.[0m
[92m2022-06-05 13:10:44 I/Net 2575966472: ECDH key is invalid, start to fetch ecdh public key from server.[0m
[92m2022-06-05 13:10:44 I/Net 2575966472: Successfully fetched ecdh public key from server.[0m
[0m2022-06-05 13:10:44 V/Net 2575966472: Send: wtlogin.login[0m
[0m2022-06-05 13:10:45 V/Net 2575966472: Recv: wtlogin.login[0m
[0m2022-06-05 13:11:09 V/Net 2575966472: Send: wtlogin.login[0m
[0m2022-06-05 13:11:09 V/Net 2575966472: Recv: wtlogin.login[0m
[0m2022-06-05 13:12:18 V/Net 2575966472: Send: wtlogin.login[0m
[0m2022-06-05 13:12:18 V/Net 2575966472: Recv: wtlogin.login[0m
[0m2022-06-05 13:12:18 V/Net 2575966472: Send: wtlogin.login[0m
[0m2022-06-05 13:12:18 V/Net 2575966472: Recv: wtlogin.login[0m
[0m2022-06-05 13:12:18 V/Net 2575966472: Send: StatSvc.register(online)[0m
[0m2022-06-05 13:12:19 V/Net 2575966472: No BdhSession cache[0m
[92m2022-06-05 13:12:19 I/Net 2575966472: Syncing friend message history...[0m
[92m2022-06-05 13:12:19 I/Net 2575966472: Start loading friend list...[0m
[92m2022-06-05 13:12:19 I/Net 2575966472: Start loading stranger list...[0m
[0m2022-06-05 13:12:19 V/Net 2575966472: Send: StatSvc.GetDevLoginInfo(StatSvc.GetDevLoginInfo)[0m
[92m2022-06-05 13:12:19 I/Net 2575966472: Server time updated, serverTime: 1654405940, diff: 1ms=0.001s[0m
[0m2022-06-05 13:12:19 V/Net 2575966472: Recv: StatSvc.register[0m
[0m2022-06-05 13:12:19 V/Net 2575966472: Send: OidbSvc.0x496(OidbSvc.0x496)[0m
[0m2022-06-05 13:12:19 V/Net 2575966472: Send: OidbSvc.0x5d2_0(OidbSvc.0x5d2_0)[0m
[0m2022-06-05 13:12:19 V/Net 2575966472: Send: friendlist.getFriendGroupList(friendlist.getFriendGroupList)[0m
[0m2022-06-05 13:12:19 V/Net 2575966472: Recv: StatSvc.GetDevLoginInfo[0m
[0m2022-06-05 13:12:19 V/Net 2575966472: Recv: OidbSvc.0x5d2_0[0m
[92m2022-06-05 13:12:19 I/Net 2575966472: No OtherClient online.[0m
[92m2022-06-05 13:12:19 I/Net 2575966472: Successfully loaded stranger list: 0 in total[0m
[0m2022-06-05 13:12:19 V/Net 2575966472: Recv: friendlist.getFriendGroupList[0m
[0m2022-06-05 13:12:19 V/Net 2575966472: Loading friend list: 3/3[0m
[92m2022-06-05 13:12:19 I/Net 2575966472: Successfully loaded friend list: 3 in total[0m
[92m2022-06-05 13:12:19 I/Net 2575966472: Start loading group list...[0m
[0m2022-06-05 13:12:19 V/Net 2575966472: Recv: OidbSvc.0x496[0m
[0m2022-06-05 13:12:19 V/Net 2575966472: Send: friendlist.GetTroopListReqV2(friendlist.GetTroopListReqV2)[0m
[92m2022-06-05 13:12:19 I/Net 2575966472: Syncing friend message history: Success.[0m
[0m2022-06-05 13:12:19 V/Net 2575966472: Recv: friendlist.GetTroopListReqV2[0m
[0m2022-06-05 13:12:19 V/Net 2575966472: Send: friendlist.GetTroopMemberListReq(friendlist.GetTroopMemberListReq)[0m
[0m2022-06-05 13:12:19 V/Net 2575966472: Recv: friendlist.GetTroopMemberListReq[0m
[92m2022-06-05 13:12:19 I/Net 2575966472: Successfully loaded group list: 1 in total.[0m
[92m2022-06-05 13:12:19 I/Net 2575966472: Scheduled key refresh in 23h 55min 0.0s.[0m
[92m2022-06-05 13:12:19 I/Net 2575966472: Scheduled refresh login session in 19d 23h 55min 0.0s.[0m
[92m2022-06-05 13:12:21 I/Net 2575966472: Server list: 60.28.172.48:80, 123.151.54.180:80, 58.212.179.115:14000, 183.47.102.218:8080, 120.232.130.74:443, 157.255.13.204:80, msfwifi.3g.qq.com:8080.[0m
[0m2022-06-05 13:12:21 V/Net 2575966472: No BdhSession to save to cache[0m
[0m2022-06-05 13:12:21 V/Net 2575966472: Saving server list to cache[0m
[0m2022-06-05 13:12:21 V/Net 2575966472: Send: ConfigPushSvc.PushResp(ConfigPushSvc.PushResp)[0m
[0m2022-06-05 13:12:21 V/Net 2575966472: Recv: ConfigPushSvc.PushReq[0m
[0m2022-06-05 13:12:22 V/Net 2575966472: Saving bdh session to cache[0m
[0m2022-06-05 13:12:22 V/Net 2575966472: Send: ConfigPushSvc.PushResp(ConfigPushSvc.PushResp)[0m
[0m2022-06-05 13:12:22 V/Net 2575966472: Recv: ConfigPushSvc.PushReq[0m
[0m2022-06-05 13:14:52 V/Net 2575966472: Send: StatSvc.register(offline)[0m
[0m2022-06-05 13:45:22 V/Net 2575966472: Loading server list from cache.[0m
[92m2022-06-05 13:45:22 I/Net 2575966472: Server list: 60.28.172.48:80, 123.151.54.180:80, 58.212.179.115:14000, 183.47.102.218:8080, 120.232.130.74:443, 157.255.13.204:80, msfwifi.3g.qq.com:8080.[0m
[92m2022-06-05 13:45:23 I/Net 2575966472: ECDH key is valid.[0m
[0m2022-06-05 13:45:23 V/Net 2575966472: Send: wtlogin.exchange_emp[0m
[0m2022-06-05 13:45:23 V/Net 2575966472: Recv: wtlogin.exchange_emp[0m
[0m2022-06-05 13:45:23 V/Net 2575966472: Send: StatSvc.register(online)[0m
[92m2022-06-05 13:45:23 I/Net 2575966472: Server time updated, serverTime: 1654407925, diff: 2ms=0.002s[0m
[0m2022-06-05 13:45:23 V/Net 2575966472: Recv: StatSvc.register[0m
[0m2022-06-05 13:45:23 V/Net 2575966472: Loading BdhSession from cache file[0m
[92m2022-06-05 13:45:23 I/Net 2575966472: Syncing friend message history...[0m
[92m2022-06-05 13:45:23 I/Net 2575966472: Start loading stranger list...[0m
[92m2022-06-05 13:45:23 I/Net 2575966472: Start loading friend list...[0m
[0m2022-06-05 13:45:23 V/Net 2575966472: Send: StatSvc.GetDevLoginInfo(StatSvc.GetDevLoginInfo)[0m
[0m2022-06-05 13:45:23 V/Net 2575966472: Send: OidbSvc.0x496(OidbSvc.0x496)[0m
[0m2022-06-05 13:45:23 V/Net 2575966472: Send: OidbSvc.0x5d2_0(OidbSvc.0x5d2_0)[0m
[0m2022-06-05 13:45:23 V/Net 2575966472: Send: friendlist.getFriendGroupList(friendlist.getFriendGroupList)[0m
[0m2022-06-05 13:45:23 V/Net 2575966472: Recv: OidbSvc.0x5d2_0[0m
[92m2022-06-05 13:45:23 I/Net 2575966472: Successfully loaded stranger list: 0 in total[0m
[0m2022-06-05 13:45:23 V/Net 2575966472: Recv: StatSvc.GetDevLoginInfo[0m
[92m2022-06-05 13:45:23 I/Net 2575966472: No OtherClient online.[0m
[0m2022-06-05 13:45:23 V/Net 2575966472: Recv: OidbSvc.0x496[0m
[92m2022-06-05 13:45:23 I/Net 2575966472: Start loading group list...[0m
[0m2022-06-05 13:45:23 V/Net 2575966472: Send: friendlist.GetTroopListReqV2(friendlist.GetTroopListReqV2)[0m
[0m2022-06-05 13:45:23 V/Net 2575966472: Recv: friendlist.getFriendGroupList[0m
[0m2022-06-05 13:45:23 V/Net 2575966472: Loading friend list: 3/3[0m
[92m2022-06-05 13:45:23 I/Net 2575966472: Successfully loaded friend list: 3 in total[0m
[0m2022-06-05 13:45:23 V/Net 2575966472: Recv: friendlist.GetTroopListReqV2[0m
[0m2022-06-05 13:45:23 V/Net 2575966472: Send: friendlist.GetTroopMemberListReq(friendlist.GetTroopMemberListReq)[0m
[92m2022-06-05 13:45:23 I/Net 2575966472: Syncing friend message history: Success.[0m
[0m2022-06-05 13:45:23 V/Net 2575966472: Recv: friendlist.GetTroopMemberListReq[0m
[92m2022-06-05 13:45:23 I/Net 2575966472: Successfully loaded group list: 1 in total.[0m
[92m2022-06-05 13:45:23 I/Net 2575966472: Scheduled refresh login session in 19d 23h 55min 0.0s.[0m
[92m2022-06-05 13:45:23 I/Net 2575966472: Scheduled key refresh in 23h 55min 0.0s.[0m
[92m2022-06-05 13:45:26 I/Net 2575966472: Server list: 42.81.192.181:80, 116.130.229.191:80, 163.177.30.248:80, 183.47.102.218:8080, 58.212.179.34:14000, msfwifi.3g.qq.com:8080, 120.232.67.218:443.[0m
[0m2022-06-05 13:45:26 V/Net 2575966472: Saving bdh session to cache[0m
[0m2022-06-05 13:45:26 V/Net 2575966472: Saving server list to cache[0m
[0m2022-06-05 13:45:26 V/Net 2575966472: Send: ConfigPushSvc.PushResp(ConfigPushSvc.PushResp)[0m
[0m2022-06-05 13:45:26 V/Net 2575966472: Recv: ConfigPushSvc.PushReq[0m
[0m2022-06-05 13:45:26 V/Net 2575966472: Saving bdh session to cache[0m
[0m2022-06-05 13:45:26 V/Net 2575966472: Send: ConfigPushSvc.PushResp(ConfigPushSvc.PushResp)[0m
[0m2022-06-05 13:45:26 V/Net 2575966472: Recv: ConfigPushSvc.PushReq[0m
[0m2022-06-05 13:46:20 V/Net 2575966472: Loading server list from cache.[0m
[92m2022-06-05 13:46:20 I/Net 2575966472: Server list: 42.81.192.181:80, 116.130.229.191:80, 163.177.30.248:80, 183.47.102.218:8080, 58.212.179.34:14000, msfwifi.3g.qq.com:8080, 120.232.67.218:443.[0m
[92m2022-06-05 13:46:21 I/Net 2575966472: ECDH key is valid.[0m
[0m2022-06-05 13:46:21 V/Net 2575966472: Send: wtlogin.exchange_emp[0m
[0m2022-06-05 13:46:21 V/Net 2575966472: Recv: wtlogin.exchange_emp[0m
[0m2022-06-05 13:46:21 V/Net 2575966472: Send: StatSvc.register(online)[0m
[92m2022-06-05 13:46:21 I/Net 2575966472: Server time updated, serverTime: 1654407983, diff: 2ms=0.002s[0m
[0m2022-06-05 13:46:21 V/Net 2575966472: Recv: StatSvc.register[0m
[0m2022-06-05 13:46:21 V/Net 2575966472: Loading BdhSession from cache file[0m
[92m2022-06-05 13:46:21 I/Net 2575966472: Syncing friend message history...[0m
[92m2022-06-05 13:46:21 I/Net 2575966472: Start loading friend list...[0m
[92m2022-06-05 13:46:21 I/Net 2575966472: Start loading stranger list...[0m
[0m2022-06-05 13:46:21 V/Net 2575966472: Send: StatSvc.GetDevLoginInfo(StatSvc.GetDevLoginInfo)[0m
[0m2022-06-05 13:46:21 V/Net 2575966472: Send: OidbSvc.0x496(OidbSvc.0x496)[0m
[0m2022-06-05 13:46:21 V/Net 2575966472: Send: OidbSvc.0x5d2_0(OidbSvc.0x5d2_0)[0m
[0m2022-06-05 13:46:21 V/Net 2575966472: Send: friendlist.getFriendGroupList(friendlist.getFriendGroupList)[0m
[0m2022-06-05 13:46:21 V/Net 2575966472: Recv: OidbSvc.0x5d2_0[0m
[92m2022-06-05 13:46:21 I/Net 2575966472: Successfully loaded stranger list: 0 in total[0m
[0m2022-06-05 13:46:21 V/Net 2575966472: Recv: StatSvc.GetDevLoginInfo[0m
[92m2022-06-05 13:46:21 I/Net 2575966472: No OtherClient online.[0m
[0m2022-06-05 13:46:21 V/Net 2575966472: Recv: OidbSvc.0x496[0m
[92m2022-06-05 13:46:21 I/Net 2575966472: Start loading group list...[0m
[0m2022-06-05 13:46:21 V/Net 2575966472: Send: friendlist.GetTroopListReqV2(friendlist.GetTroopListReqV2)[0m
[0m2022-06-05 13:46:21 V/Net 2575966472: Recv: friendlist.getFriendGroupList[0m
[0m2022-06-05 13:46:21 V/Net 2575966472: Loading friend list: 3/3[0m
[92m2022-06-05 13:46:21 I/Net 2575966472: Successfully loaded friend list: 3 in total[0m
[92m2022-06-05 13:46:21 I/Net 2575966472: Syncing friend message history: Success.[0m
[0m2022-06-05 13:46:21 V/Net 2575966472: Recv: friendlist.GetTroopListReqV2[0m
[0m2022-06-05 13:46:21 V/Net 2575966472: Send: friendlist.GetTroopMemberListReq(friendlist.GetTroopMemberListReq)[0m
[0m2022-06-05 13:46:21 V/Net 2575966472: Recv: friendlist.GetTroopMemberListReq[0m
[92m2022-06-05 13:46:21 I/Net 2575966472: Successfully loaded group list: 1 in total.[0m
[92m2022-06-05 13:46:21 I/Net 2575966472: Scheduled refresh login session in 19d 23h 55min 0.0s.[0m
[92m2022-06-05 13:46:21 I/Net 2575966472: Scheduled key refresh in 23h 55min 0.0s.[0m
[0m2022-06-05 13:46:24 V/Net 2575966472: Saving bdh session to cache[0m
[0m2022-06-05 13:46:24 V/Net 2575966472: Send: ConfigPushSvc.PushResp(ConfigPushSvc.PushResp)[0m
[0m2022-06-05 13:46:24 V/Net 2575966472: Recv: ConfigPushSvc.PushReq[0m
[0m2022-06-05 13:47:22 V/Net 2575966472: Loading server list from cache.[0m
[92m2022-06-05 13:47:22 I/Net 2575966472: Server list: 42.81.192.181:80, 116.130.229.191:80, 163.177.30.248:80, 183.47.102.218:8080, 58.212.179.34:14000, msfwifi.3g.qq.com:8080, 120.232.67.218:443.[0m
[92m2022-06-05 13:47:23 I/Net 2575966472: ECDH key is valid.[0m
[0m2022-06-05 13:47:23 V/Net 2575966472: Send: wtlogin.exchange_emp[0m
[0m2022-06-05 13:47:23 V/Net 2575966472: Recv: wtlogin.exchange_emp[0m
[0m2022-06-05 13:47:23 V/Net 2575966472: Send: StatSvc.register(online)[0m
[92m2022-06-05 13:47:23 I/Net 2575966472: Server time updated, serverTime: 1654408045, diff: 2ms=0.002s[0m
[0m2022-06-05 13:47:23 V/Net 2575966472: Recv: StatSvc.register[0m
[0m2022-06-05 13:47:23 V/Net 2575966472: Loading BdhSession from cache file[0m
[92m2022-06-05 13:47:23 I/Net 2575966472: Syncing friend message history...[0m
[92m2022-06-05 13:47:23 I/Net 2575966472: Start loading friend list...[0m
[0m2022-06-05 13:47:23 V/Net 2575966472: Send: StatSvc.GetDevLoginInfo(StatSvc.GetDevLoginInfo)[0m
[92m2022-06-05 13:47:23 I/Net 2575966472: Start loading stranger list...[0m
[0m2022-06-05 13:47:23 V/Net 2575966472: Send: OidbSvc.0x496(OidbSvc.0x496)[0m
[0m2022-06-05 13:47:23 V/Net 2575966472: Send: OidbSvc.0x5d2_0(OidbSvc.0x5d2_0)[0m
[0m2022-06-05 13:47:23 V/Net 2575966472: Send: friendlist.getFriendGroupList(friendlist.getFriendGroupList)[0m
[0m2022-06-05 13:47:23 V/Net 2575966472: Recv: OidbSvc.0x496[0m
[92m2022-06-05 13:47:23 I/Net 2575966472: Start loading group list...[0m
[0m2022-06-05 13:47:23 V/Net 2575966472: Send: friendlist.GetTroopListReqV2(friendlist.GetTroopListReqV2)[0m
[0m2022-06-05 13:47:23 V/Net 2575966472: Recv: OidbSvc.0x5d2_0[0m
[92m2022-06-05 13:47:23 I/Net 2575966472: Successfully loaded stranger list: 0 in total[0m
[0m2022-06-05 13:47:23 V/Net 2575966472: Recv: StatSvc.GetDevLoginInfo[0m
[92m2022-06-05 13:47:23 I/Net 2575966472: No OtherClient online.[0m
[92m2022-06-05 13:47:23 I/Net 2575966472: Syncing friend message history: Success.[0m
[0m2022-06-05 13:47:23 V/Net 2575966472: Recv: friendlist.getFriendGroupList[0m
[0m2022-06-05 13:47:23 V/Net 2575966472: Loading friend list: 3/3[0m
[92m2022-06-05 13:47:23 I/Net 2575966472: Successfully loaded friend list: 3 in total[0m
[0m2022-06-05 13:47:23 V/Net 2575966472: Recv: friendlist.GetTroopListReqV2[0m
[0m2022-06-05 13:47:23 V/Net 2575966472: Send: friendlist.GetTroopMemberListReq(friendlist.GetTroopMemberListReq)[0m
[0m2022-06-05 13:47:23 V/Net 2575966472: Recv: friendlist.GetTroopMemberListReq[0m
[92m2022-06-05 13:47:23 I/Net 2575966472: Successfully loaded group list: 1 in total.[0m
[92m2022-06-05 13:47:23 I/Net 2575966472: Scheduled refresh login session in 19d 23h 55min 0.0s.[0m
[92m2022-06-05 13:47:23 I/Net 2575966472: Scheduled key refresh in 23h 55min 0.0s.[0m
[0m2022-06-05 13:47:26 V/Net 2575966472: Saving bdh session to cache[0m
[0m2022-06-05 13:47:26 V/Net 2575966472: Send: ConfigPushSvc.PushResp(ConfigPushSvc.PushResp)[0m
[0m2022-06-05 13:47:26 V/Net 2575966472: Recv: ConfigPushSvc.PushReq[0m
[0m2022-06-05 13:49:03 V/Net 2575966472: Loading server list from cache.[0m
[92m2022-06-05 13:49:03 I/Net 2575966472: Server list: 42.81.192.181:80, 116.130.229.191:80, 163.177.30.248:80, 183.47.102.218:8080, 58.212.179.34:14000, msfwifi.3g.qq.com:8080, 120.232.67.218:443.[0m
[92m2022-06-05 13:49:04 I/Net 2575966472: ECDH key is valid.[0m
[0m2022-06-05 13:49:04 V/Net 2575966472: Send: wtlogin.exchange_emp[0m
[0m2022-06-05 13:49:04 V/Net 2575966472: Recv: wtlogin.exchange_emp[0m
[0m2022-06-05 13:49:04 V/Net 2575966472: Send: StatSvc.register(online)[0m
[92m2022-06-05 13:49:04 I/Net 2575966472: Server time updated, serverTime: 1654408146, diff: 2ms=0.002s[0m
[0m2022-06-05 13:49:04 V/Net 2575966472: Recv: StatSvc.register[0m
[0m2022-06-05 13:49:04 V/Net 2575966472: Loading BdhSession from cache file[0m
[92m2022-06-05 13:49:04 I/Net 2575966472: Syncing friend message history...[0m
[92m2022-06-05 13:49:04 I/Net 2575966472: Start loading friend list...[0m
[92m2022-06-05 13:49:04 I/Net 2575966472: Start loading stranger list...[0m
[0m2022-06-05 13:49:04 V/Net 2575966472: Send: StatSvc.GetDevLoginInfo(StatSvc.GetDevLoginInfo)[0m
[0m2022-06-05 13:49:04 V/Net 2575966472: Send: OidbSvc.0x496(OidbSvc.0x496)[0m
[0m2022-06-05 13:49:04 V/Net 2575966472: Send: OidbSvc.0x5d2_0(OidbSvc.0x5d2_0)[0m
[0m2022-06-05 13:49:04 V/Net 2575966472: Send: friendlist.getFriendGroupList(friendlist.getFriendGroupList)[0m
[0m2022-06-05 13:49:04 V/Net 2575966472: Recv: OidbSvc.0x5d2_0[0m
[92m2022-06-05 13:49:04 I/Net 2575966472: Successfully loaded stranger list: 0 in total[0m
[92m2022-06-05 13:49:04 I/Net 2575966472: Start loading group list...[0m
[0m2022-06-05 13:49:04 V/Net 2575966472: Recv: OidbSvc.0x496[0m
[0m2022-06-05 13:49:04 V/Net 2575966472: Send: friendlist.GetTroopListReqV2(friendlist.GetTroopListReqV2)[0m
[0m2022-06-05 13:49:04 V/Net 2575966472: Recv: StatSvc.GetDevLoginInfo[0m
[92m2022-06-05 13:49:04 I/Net 2575966472: No OtherClient online.[0m
[92m2022-06-05 13:49:04 I/Net 2575966472: Syncing friend message history: Success.[0m
[0m2022-06-05 13:49:04 V/Net 2575966472: Recv: friendlist.getFriendGroupList[0m
[0m2022-06-05 13:49:04 V/Net 2575966472: Loading friend list: 3/3[0m
[92m2022-06-05 13:49:04 I/Net 2575966472: Successfully loaded friend list: 3 in total[0m
[0m2022-06-05 13:49:04 V/Net 2575966472: Recv: friendlist.GetTroopListReqV2[0m
[0m2022-06-05 13:49:04 V/Net 2575966472: Send: friendlist.GetTroopMemberListReq(friendlist.GetTroopMemberListReq)[0m
[0m2022-06-05 13:49:05 V/Net 2575966472: Recv: friendlist.GetTroopMemberListReq[0m
[92m2022-06-05 13:49:05 I/Net 2575966472: Successfully loaded group list: 1 in total.[0m
[92m2022-06-05 13:49:05 I/Net 2575966472: Scheduled refresh login session in 19d 23h 55min 0.0s.[0m
[92m2022-06-05 13:49:05 I/Net 2575966472: Scheduled key refresh in 23h 55min 0.0s.[0m
[0m2022-06-05 13:49:07 V/Net 2575966472: Saving bdh session to cache[0m
[0m2022-06-05 13:49:07 V/Net 2575966472: Send: ConfigPushSvc.PushResp(ConfigPushSvc.PushResp)[0m
[0m2022-06-05 13:49:07 V/Net 2575966472: Recv: ConfigPushSvc.PushReq[0m
[0m2022-06-05 13:49:41 V/Net 2575966472: Send: StatSvc.register(offline)[0m
[0m2022-06-05 13:49:49 V/Net 2575966472: Loading server list from cache.[0m
[92m2022-06-05 13:49:49 I/Net 2575966472: Server list: 42.81.192.181:80, 116.130.229.191:80, 163.177.30.248:80, 183.47.102.218:8080, 58.212.179.34:14000, msfwifi.3g.qq.com:8080, 120.232.67.218:443.[0m
[92m2022-06-05 13:49:50 I/Net 2575966472: ECDH key is valid.[0m
[0m2022-06-05 13:49:50 V/Net 2575966472: Send: wtlogin.exchange_emp[0m
[0m2022-06-05 13:49:50 V/Net 2575966472: Recv: wtlogin.exchange_emp[0m
[0m2022-06-05 13:49:50 V/Net 2575966472: Send: StatSvc.register(online)[0m
[92m2022-06-05 13:49:50 I/Net 2575966472: Server time updated, serverTime: 1654408192, diff: 2ms=0.002s[0m
[0m2022-06-05 13:49:50 V/Net 2575966472: Recv: StatSvc.register[0m
[0m2022-06-05 13:49:50 V/Net 2575966472: Loading BdhSession from cache file[0m
[92m2022-06-05 13:49:50 I/Net 2575966472: Syncing friend message history...[0m
[92m2022-06-05 13:49:50 I/Net 2575966472: Start loading friend list...[0m
[92m2022-06-05 13:49:50 I/Net 2575966472: Start loading stranger list...[0m
[0m2022-06-05 13:49:50 V/Net 2575966472: Send: StatSvc.GetDevLoginInfo(StatSvc.GetDevLoginInfo)[0m
[0m2022-06-05 13:49:50 V/Net 2575966472: Send: OidbSvc.0x496(OidbSvc.0x496)[0m
[0m2022-06-05 13:49:50 V/Net 2575966472: Send: OidbSvc.0x5d2_0(OidbSvc.0x5d2_0)[0m
[0m2022-06-05 13:49:50 V/Net 2575966472: Send: friendlist.getFriendGroupList(friendlist.getFriendGroupList)[0m
[0m2022-06-05 13:49:50 V/Net 2575966472: Recv: OidbSvc.0x496[0m
[92m2022-06-05 13:49:50 I/Net 2575966472: Start loading group list...[0m
[0m2022-06-05 13:49:50 V/Net 2575966472: Send: friendlist.GetTroopListReqV2(friendlist.GetTroopListReqV2)[0m
[0m2022-06-05 13:49:50 V/Net 2575966472: Recv: OidbSvc.0x5d2_0[0m
[92m2022-06-05 13:49:50 I/Net 2575966472: Successfully loaded stranger list: 0 in total[0m
[0m2022-06-05 13:49:50 V/Net 2575966472: Recv: StatSvc.GetDevLoginInfo[0m
[92m2022-06-05 13:49:50 I/Net 2575966472: No OtherClient online.[0m
[92m2022-06-05 13:49:50 I/Net 2575966472: Syncing friend message history: Success.[0m
[0m2022-06-05 13:49:50 V/Net 2575966472: Recv: friendlist.getFriendGroupList[0m
[0m2022-06-05 13:49:50 V/Net 2575966472: Loading friend list: 3/3[0m
[92m2022-06-05 13:49:50 I/Net 2575966472: Successfully loaded friend list: 3 in total[0m
[0m2022-06-05 13:49:50 V/Net 2575966472: Recv: friendlist.GetTroopListReqV2[0m
[0m2022-06-05 13:49:50 V/Net 2575966472: Send: friendlist.GetTroopMemberListReq(friendlist.GetTroopMemberListReq)[0m
[0m2022-06-05 13:49:51 V/Net 2575966472: Recv: friendlist.GetTroopMemberListReq[0m
[92m2022-06-05 13:49:51 I/Net 2575966472: Successfully loaded group list: 1 in total.[0m
[92m2022-06-05 13:49:51 I/Net 2575966472: Scheduled refresh login session in 19d 23h 55min 0.0s.[0m
[92m2022-06-05 13:49:51 I/Net 2575966472: Scheduled key refresh in 23h 55min 0.0s.[0m
[0m2022-06-05 13:49:53 V/Net 2575966472: Saving bdh session to cache[0m
[0m2022-06-05 13:49:53 V/Net 2575966472: Send: ConfigPushSvc.PushResp(ConfigPushSvc.PushResp)[0m
[0m2022-06-05 13:49:53 V/Net 2575966472: Recv: ConfigPushSvc.PushReq[0m
[0m2022-06-05 13:52:28 V/Net 2575966472: Send: StatSvc.register(offline)[0m
[0m2022-06-05 13:52:32 V/Net 2575966472: Loading server list from cache.[0m
[92m2022-06-05 13:52:32 I/Net 2575966472: Server list: 42.81.192.181:80, 116.130.229.191:80, 163.177.30.248:80, 183.47.102.218:8080, 58.212.179.34:14000, msfwifi.3g.qq.com:8080, 120.232.67.218:443.[0m
[92m2022-06-05 13:52:33 I/Net 2575966472: ECDH key is valid.[0m
[0m2022-06-05 13:52:33 V/Net 2575966472: Send: wtlogin.exchange_emp[0m
[0m2022-06-05 13:52:33 V/Net 2575966472: Recv: wtlogin.exchange_emp[0m
[0m2022-06-05 13:52:33 V/Net 2575966472: Send: StatSvc.register(online)[0m
[92m2022-06-05 13:52:33 I/Net 2575966472: Server time updated, serverTime: 1654408355, diff: 2ms=0.002s[0m
[0m2022-06-05 13:52:33 V/Net 2575966472: Recv: StatSvc.register[0m
[0m2022-06-05 13:52:33 V/Net 2575966472: Loading BdhSession from cache file[0m
[92m2022-06-05 13:52:33 I/Net 2575966472: Syncing friend message history...[0m
[92m2022-06-05 13:52:33 I/Net 2575966472: Start loading stranger list...[0m
[92m2022-06-05 13:52:33 I/Net 2575966472: Start loading friend list...[0m
[0m2022-06-05 13:52:33 V/Net 2575966472: Send: StatSvc.GetDevLoginInfo(StatSvc.GetDevLoginInfo)[0m
[0m2022-06-05 13:52:33 V/Net 2575966472: Send: OidbSvc.0x496(OidbSvc.0x496)[0m
[0m2022-06-05 13:52:33 V/Net 2575966472: Send: OidbSvc.0x5d2_0(OidbSvc.0x5d2_0)[0m
[0m2022-06-05 13:52:33 V/Net 2575966472: Send: friendlist.getFriendGroupList(friendlist.getFriendGroupList)[0m
[92m2022-06-05 13:52:33 I/Net 2575966472: Start loading group list...[0m
[0m2022-06-05 13:52:33 V/Net 2575966472: Recv: OidbSvc.0x496[0m
[0m2022-06-05 13:52:33 V/Net 2575966472: Send: friendlist.GetTroopListReqV2(friendlist.GetTroopListReqV2)[0m
[0m2022-06-05 13:52:33 V/Net 2575966472: Recv: OidbSvc.0x5d2_0[0m
[92m2022-06-05 13:52:33 I/Net 2575966472: Successfully loaded stranger list: 0 in total[0m
[0m2022-06-05 13:52:33 V/Net 2575966472: Recv: StatSvc.GetDevLoginInfo[0m
[92m2022-06-05 13:52:33 I/Net 2575966472: No OtherClient online.[0m
[92m2022-06-05 13:52:33 I/Net 2575966472: Syncing friend message history: Success.[0m
[0m2022-06-05 13:52:33 V/Net 2575966472: Recv: friendlist.getFriendGroupList[0m
[0m2022-06-05 13:52:33 V/Net 2575966472: Loading friend list: 3/3[0m
[92m2022-06-05 13:52:33 I/Net 2575966472: Successfully loaded friend list: 3 in total[0m
[0m2022-06-05 13:52:33 V/Net 2575966472: Recv: friendlist.GetTroopListReqV2[0m
[0m2022-06-05 13:52:33 V/Net 2575966472: Send: friendlist.GetTroopMemberListReq(friendlist.GetTroopMemberListReq)[0m
[0m2022-06-05 13:52:33 V/Net 2575966472: Recv: friendlist.GetTroopMemberListReq[0m
[92m2022-06-05 13:52:33 I/Net 2575966472: Successfully loaded group list: 1 in total.[0m
[92m2022-06-05 13:52:33 I/Net 2575966472: Scheduled key refresh in 23h 55min 0.0s.[0m
[92m2022-06-05 13:52:33 I/Net 2575966472: Scheduled refresh login session in 19d 23h 55min 0.0s.[0m
[0m2022-06-05 13:52:36 V/Net 2575966472: Saving bdh session to cache[0m
[0m2022-06-05 13:52:36 V/Net 2575966472: Send: ConfigPushSvc.PushResp(ConfigPushSvc.PushResp)[0m
[0m2022-06-05 13:52:36 V/Net 2575966472: Recv: ConfigPushSvc.PushReq[0m
[0m2022-06-05 13:53:31 V/Net 2575966472: Send: StatSvc.register(offline)[0m
[0m2022-06-05 13:53:36 V/Net 2575966472: Loading server list from cache.[0m
[92m2022-06-05 13:53:36 I/Net 2575966472: Server list: 42.81.192.181:80, 116.130.229.191:80, 163.177.30.248:80, 183.47.102.218:8080, 58.212.179.34:14000, msfwifi.3g.qq.com:8080, 120.232.67.218:443.[0m
[92m2022-06-05 13:53:36 I/Net 2575966472: ECDH key is valid.[0m
[0m2022-06-05 13:53:36 V/Net 2575966472: Send: wtlogin.exchange_emp[0m
[0m2022-06-05 13:53:36 V/Net 2575966472: Recv: wtlogin.exchange_emp[0m
[0m2022-06-05 13:53:36 V/Net 2575966472: Send: StatSvc.register(online)[0m
[92m2022-06-05 13:53:36 I/Net 2575966472: Server time updated, serverTime: 1654408418, diff: 2ms=0.002s[0m
[0m2022-06-05 13:53:36 V/Net 2575966472: Recv: StatSvc.register[0m
[0m2022-06-05 13:53:36 V/Net 2575966472: Loading BdhSession from cache file[0m
[92m2022-06-05 13:53:36 I/Net 2575966472: Syncing friend message history...[0m
[92m2022-06-05 13:53:36 I/Net 2575966472: Start loading friend list...[0m
[92m2022-06-05 13:53:36 I/Net 2575966472: Start loading stranger list...[0m
[0m2022-06-05 13:53:36 V/Net 2575966472: Send: StatSvc.GetDevLoginInfo(StatSvc.GetDevLoginInfo)[0m
[0m2022-06-05 13:53:36 V/Net 2575966472: Send: OidbSvc.0x496(OidbSvc.0x496)[0m
[0m2022-06-05 13:53:36 V/Net 2575966472: Send: OidbSvc.0x5d2_0(OidbSvc.0x5d2_0)[0m
[0m2022-06-05 13:53:36 V/Net 2575966472: Send: friendlist.getFriendGroupList(friendlist.getFriendGroupList)[0m
[0m2022-06-05 13:53:37 V/Net 2575966472: Recv: OidbSvc.0x496[0m
[92m2022-06-05 13:53:37 I/Net 2575966472: Start loading group list...[0m
[0m2022-06-05 13:53:37 V/Net 2575966472: Send: friendlist.GetTroopListReqV2(friendlist.GetTroopListReqV2)[0m
[0m2022-06-05 13:53:37 V/Net 2575966472: Recv: OidbSvc.0x5d2_0[0m
[92m2022-06-05 13:53:37 I/Net 2575966472: Successfully loaded stranger list: 0 in total[0m
[0m2022-06-05 13:53:37 V/Net 2575966472: Recv: StatSvc.GetDevLoginInfo[0m
[92m2022-06-05 13:53:37 I/Net 2575966472: No OtherClient online.[0m
[92m2022-06-05 13:53:37 I/Net 2575966472: Syncing friend message history: Success.[0m
[0m2022-06-05 13:53:37 V/Net 2575966472: Recv: friendlist.getFriendGroupList[0m
[0m2022-06-05 13:53:37 V/Net 2575966472: Loading friend list: 3/3[0m
[92m2022-06-05 13:53:37 I/Net 2575966472: Successfully loaded friend list: 3 in total[0m
[0m2022-06-05 13:53:37 V/Net 2575966472: Recv: friendlist.GetTroopListReqV2[0m
[0m2022-06-05 13:53:37 V/Net 2575966472: Send: friendlist.GetTroopMemberListReq(friendlist.GetTroopMemberListReq)[0m
[0m2022-06-05 13:53:37 V/Net 2575966472: Recv: friendlist.GetTroopMemberListReq[0m
[92m2022-06-05 13:53:37 I/Net 2575966472: Successfully loaded group list: 1 in total.[0m
[92m2022-06-05 13:53:37 I/Net 2575966472: Scheduled refresh login session in 19d 23h 55min 0.0s.[0m
[92m2022-06-05 13:53:37 I/Net 2575966472: Scheduled key refresh in 23h 55min 0.0s.[0m
[0m2022-06-05 13:53:39 V/Net 2575966472: Saving bdh session to cache[0m
[0m2022-06-05 13:53:39 V/Net 2575966472: Send: ConfigPushSvc.PushResp(ConfigPushSvc.PushResp)[0m
[0m2022-06-05 13:53:39 V/Net 2575966472: Recv: ConfigPushSvc.PushReq[0m
[0m2022-06-05 13:55:30 V/Net 2575966472: Send: StatSvc.register(offline)[0m
[0m2022-06-05 13:56:09 V/Net 2575966472: Loading server list from cache.[0m
[92m2022-06-05 13:56:09 I/Net 2575966472: Server list: 42.81.192.181:80, 116.130.229.191:80, 163.177.30.248:80, 183.47.102.218:8080, 58.212.179.34:14000, msfwifi.3g.qq.com:8080, 120.232.67.218:443.[0m
[92m2022-06-05 13:56:10 I/Net 2575966472: ECDH key is valid.[0m
[0m2022-06-05 13:56:10 V/Net 2575966472: Send: wtlogin.exchange_emp[0m
[0m2022-06-05 13:56:10 V/Net 2575966472: Recv: wtlogin.exchange_emp[0m
[0m2022-06-05 13:56:10 V/Net 2575966472: Send: StatSvc.register(online)[0m
[92m2022-06-05 13:56:10 I/Net 2575966472: Server time updated, serverTime: 1654408572, diff: 2ms=0.002s[0m
[0m2022-06-05 13:56:10 V/Net 2575966472: Recv: StatSvc.register[0m
[0m2022-06-05 13:56:10 V/Net 2575966472: Loading BdhSession from cache file[0m
[92m2022-06-05 13:56:10 I/Net 2575966472: Syncing friend message history...[0m
[92m2022-06-05 13:56:10 I/Net 2575966472: Start loading friend list...[0m
[92m2022-06-05 13:56:10 I/Net 2575966472: Start loading stranger list...[0m
[0m2022-06-05 13:56:10 V/Net 2575966472: Send: StatSvc.GetDevLoginInfo(StatSvc.GetDevLoginInfo)[0m
[0m2022-06-05 13:56:10 V/Net 2575966472: Send: OidbSvc.0x496(OidbSvc.0x496)[0m
[0m2022-06-05 13:56:10 V/Net 2575966472: Send: OidbSvc.0x5d2_0(OidbSvc.0x5d2_0)[0m
[0m2022-06-05 13:56:10 V/Net 2575966472: Send: friendlist.getFriendGroupList(friendlist.getFriendGroupList)[0m
[0m2022-06-05 13:56:10 V/Net 2575966472: Recv: OidbSvc.0x5d2_0[0m
[92m2022-06-05 13:56:10 I/Net 2575966472: Successfully loaded stranger list: 0 in total[0m
[0m2022-06-05 13:56:10 V/Net 2575966472: Recv: StatSvc.GetDevLoginInfo[0m
[92m2022-06-05 13:56:10 I/Net 2575966472: No OtherClient online.[0m
[0m2022-06-05 13:56:10 V/Net 2575966472: Recv: OidbSvc.0x496[0m
[92m2022-06-05 13:56:10 I/Net 2575966472: Start loading group list...[0m
[0m2022-06-05 13:56:10 V/Net 2575966472: Send: friendlist.GetTroopListReqV2(friendlist.GetTroopListReqV2)[0m
[92m2022-06-05 13:56:10 I/Net 2575966472: Syncing friend message history: Success.[0m
[0m2022-06-05 13:56:10 V/Net 2575966472: Recv: friendlist.getFriendGroupList[0m
[0m2022-06-05 13:56:10 V/Net 2575966472: Loading friend list: 3/3[0m
[92m2022-06-05 13:56:10 I/Net 2575966472: Successfully loaded friend list: 3 in total[0m
[0m2022-06-05 13:56:10 V/Net 2575966472: Recv: friendlist.GetTroopListReqV2[0m
[0m2022-06-05 13:56:10 V/Net 2575966472: Send: friendlist.GetTroopMemberListReq(friendlist.GetTroopMemberListReq)[0m
[0m2022-06-05 13:56:10 V/Net 2575966472: Recv: friendlist.GetTroopMemberListReq[0m
[92m2022-06-05 13:56:10 I/Net 2575966472: Successfully loaded group list: 1 in total.[0m
[92m2022-06-05 13:56:10 I/Net 2575966472: Scheduled refresh login session in 19d 23h 55min 0.0s.[0m
[92m2022-06-05 13:56:10 I/Net 2575966472: Scheduled key refresh in 23h 55min 0.0s.[0m
[0m2022-06-05 13:56:13 V/Net 2575966472: Saving bdh session to cache[0m
[0m2022-06-05 13:56:13 V/Net 2575966472: Send: ConfigPushSvc.PushResp(ConfigPushSvc.PushResp)[0m
[0m2022-06-05 13:56:13 V/Net 2575966472: Recv: ConfigPushSvc.PushReq[0m
[0m2022-06-05 14:00:14 V/Net 2575966472: Loading server list from cache.[0m
[92m2022-06-05 14:00:14 I/Net 2575966472: Server list: 42.81.192.181:80, 116.130.229.191:80, 163.177.30.248:80, 183.47.102.218:8080, 58.212.179.34:14000, msfwifi.3g.qq.com:8080, 120.232.67.218:443.[0m
[92m2022-06-05 14:00:14 I/Net 2575966472: ECDH key is valid.[0m
[0m2022-06-05 14:00:14 V/Net 2575966472: Send: wtlogin.exchange_emp[0m
[0m2022-06-05 14:00:14 V/Net 2575966472: Recv: wtlogin.exchange_emp[0m
[0m2022-06-05 14:00:14 V/Net 2575966472: Send: StatSvc.register(online)[0m
[92m2022-06-05 14:00:15 I/Net 2575966472: Server time updated, serverTime: 1654408816, diff: 1ms=0.001s[0m
[0m2022-06-05 14:00:15 V/Net 2575966472: Recv: StatSvc.register[0m
[0m2022-06-05 14:00:15 V/Net 2575966472: Loading BdhSession from cache file[0m
[92m2022-06-05 14:00:15 I/Net 2575966472: Syncing friend message history...[0m
[92m2022-06-05 14:00:15 I/Net 2575966472: Start loading friend list...[0m
[92m2022-06-05 14:00:15 I/Net 2575966472: Start loading stranger list...[0m
[0m2022-06-05 14:00:15 V/Net 2575966472: Send: StatSvc.GetDevLoginInfo(StatSvc.GetDevLoginInfo)[0m
[0m2022-06-05 14:00:15 V/Net 2575966472: Send: OidbSvc.0x496(OidbSvc.0x496)[0m
[0m2022-06-05 14:00:15 V/Net 2575966472: Send: OidbSvc.0x5d2_0(OidbSvc.0x5d2_0)[0m
[0m2022-06-05 14:00:15 V/Net 2575966472: Send: friendlist.getFriendGroupList(friendlist.getFriendGroupList)[0m
[0m2022-06-05 14:00:15 V/Net 2575966472: Recv: OidbSvc.0x5d2_0[0m
[92m2022-06-05 14:00:15 I/Net 2575966472: Successfully loaded stranger list: 0 in total[0m
[0m2022-06-05 14:00:15 V/Net 2575966472: Recv: StatSvc.GetDevLoginInfo[0m
[92m2022-06-05 14:00:15 I/Net 2575966472: No OtherClient online.[0m
[92m2022-06-05 14:00:15 I/Net 2575966472: Start loading group list...[0m
[0m2022-06-05 14:00:15 V/Net 2575966472: Recv: OidbSvc.0x496[0m
[0m2022-06-05 14:00:15 V/Net 2575966472: Send: friendlist.GetTroopListReqV2(friendlist.GetTroopListReqV2)[0m
[92m2022-06-05 14:00:15 I/Net 2575966472: Syncing friend message history: Success.[0m
[0m2022-06-05 14:00:15 V/Net 2575966472: Recv: friendlist.getFriendGroupList[0m
[0m2022-06-05 14:00:15 V/Net 2575966472: Loading friend list: 3/3[0m
[92m2022-06-05 14:00:15 I/Net 2575966472: Successfully loaded friend list: 3 in total[0m
[0m2022-06-05 14:00:15 V/Net 2575966472: Recv: friendlist.GetTroopListReqV2[0m
[0m2022-06-05 14:00:15 V/Net 2575966472: Send: friendlist.GetTroopMemberListReq(friendlist.GetTroopMemberListReq)[0m
[0m2022-06-05 14:00:15 V/Net 2575966472: Recv: friendlist.GetTroopMemberListReq[0m
[92m2022-06-05 14:00:15 I/Net 2575966472: Successfully loaded group list: 1 in total.[0m
[92m2022-06-05 14:00:15 I/Net 2575966472: Scheduled refresh login session in 19d 23h 55min 0.0s.[0m
[92m2022-06-05 14:00:15 I/Net 2575966472: Scheduled key refresh in 23h 55min 0.0s.[0m
[0m2022-06-05 14:00:18 V/Net 2575966472: Saving bdh session to cache[0m
[0m2022-06-05 14:00:18 V/Net 2575966472: Send: ConfigPushSvc.PushResp(ConfigPushSvc.PushResp)[0m
[0m2022-06-05 14:00:18 V/Net 2575966472: Recv: ConfigPushSvc.PushReq[0m
[0m2022-06-05 14:05:59 V/Net 2575966472: Loading server list from cache.[0m
[92m2022-06-05 14:05:59 I/Net 2575966472: Server list: 42.81.192.181:80, 116.130.229.191:80, 163.177.30.248:80, 183.47.102.218:8080, 58.212.179.34:14000, msfwifi.3g.qq.com:8080, 120.232.67.218:443.[0m
[92m2022-06-05 14:05:59 I/Net 2575966472: ECDH key is valid.[0m
[0m2022-06-05 14:05:59 V/Net 2575966472: Send: wtlogin.exchange_emp[0m
[0m2022-06-05 14:05:59 V/Net 2575966472: Recv: wtlogin.exchange_emp[0m
[0m2022-06-05 14:05:59 V/Net 2575966472: Send: StatSvc.register(online)[0m
[92m2022-06-05 14:06:00 I/Net 2575966472: Server time updated, serverTime: 1654409161, diff: 1ms=0.001s[0m
[0m2022-06-05 14:06:00 V/Net 2575966472: Recv: StatSvc.register[0m
[0m2022-06-05 14:06:00 V/Net 2575966472: Loading BdhSession from cache file[0m
[92m2022-06-05 14:06:00 I/Net 2575966472: Syncing friend message history...[0m
[92m2022-06-05 14:06:00 I/Net 2575966472: Start loading friend list...[0m
[92m2022-06-05 14:06:00 I/Net 2575966472: Start loading stranger list...[0m
[0m2022-06-05 14:06:00 V/Net 2575966472: Send: StatSvc.GetDevLoginInfo(StatSvc.GetDevLoginInfo)[0m
[0m2022-06-05 14:06:00 V/Net 2575966472: Send: OidbSvc.0x496(OidbSvc.0x496)[0m
[0m2022-06-05 14:06:00 V/Net 2575966472: Send: OidbSvc.0x5d2_0(OidbSvc.0x5d2_0)[0m
[0m2022-06-05 14:06:00 V/Net 2575966472: Send: friendlist.getFriendGroupList(friendlist.getFriendGroupList)[0m
[0m2022-06-05 14:06:00 V/Net 2575966472: Recv: OidbSvc.0x5d2_0[0m
[92m2022-06-05 14:06:00 I/Net 2575966472: Successfully loaded stranger list: 0 in total[0m
[92m2022-06-05 14:06:00 I/Net 2575966472: Start loading group list...[0m
[0m2022-06-05 14:06:00 V/Net 2575966472: Recv: OidbSvc.0x496[0m
[0m2022-06-05 14:06:00 V/Net 2575966472: Send: friendlist.GetTroopListReqV2(friendlist.GetTroopListReqV2)[0m
[0m2022-06-05 14:06:00 V/Net 2575966472: Recv: StatSvc.GetDevLoginInfo[0m
[92m2022-06-05 14:06:00 I/Net 2575966472: No OtherClient online.[0m
[92m2022-06-05 14:06:00 I/Net 2575966472: Syncing friend message history: Success.[0m
[0m2022-06-05 14:06:00 V/Net 2575966472: Recv: friendlist.GetTroopListReqV2[0m
[0m2022-06-05 14:06:00 V/Net 2575966472: Send: friendlist.GetTroopMemberListReq(friendlist.GetTroopMemberListReq)[0m
[0m2022-06-05 14:06:00 V/Net 2575966472: Recv: friendlist.GetTroopMemberListReq[0m
[92m2022-06-05 14:06:00 I/Net 2575966472: Successfully loaded group list: 1 in total.[0m
[0m2022-06-05 14:06:00 V/Net 2575966472: Recv: friendlist.getFriendGroupList[0m
[0m2022-06-05 14:06:00 V/Net 2575966472: Loading friend list: 3/3[0m
[92m2022-06-05 14:06:00 I/Net 2575966472: Successfully loaded friend list: 3 in total[0m
[92m2022-06-05 14:06:00 I/Net 2575966472: Scheduled refresh login session in 19d 23h 55min 0.0s.[0m
[92m2022-06-05 14:06:00 I/Net 2575966472: Scheduled key refresh in 23h 55min 0.0s.[0m
[0m2022-06-05 14:06:03 V/Net 2575966472: Saving bdh session to cache[0m
[0m2022-06-05 14:06:03 V/Net 2575966472: Send: ConfigPushSvc.PushResp(ConfigPushSvc.PushResp)[0m
[0m2022-06-05 14:06:03 V/Net 2575966472: Recv: ConfigPushSvc.PushReq[0m
[0m2022-06-05 14:15:17 V/Net 2575966472: Loading server list from cache.[0m
[92m2022-06-05 14:15:17 I/Net 2575966472: Server list: 42.81.192.181:80, 116.130.229.191:80, 163.177.30.248:80, 183.47.102.218:8080, 58.212.179.34:14000, msfwifi.3g.qq.com:8080, 120.232.67.218:443.[0m
[92m2022-06-05 14:15:18 I/Net 2575966472: ECDH key is valid.[0m
[0m2022-06-05 14:15:18 V/Net 2575966472: Send: wtlogin.exchange_emp[0m
[0m2022-06-05 14:15:18 V/Net 2575966472: Recv: wtlogin.exchange_emp[0m
[0m2022-06-05 14:15:18 V/Net 2575966472: Send: StatSvc.register(online)[0m
[92m2022-06-05 14:15:18 I/Net 2575966472: Server time updated, serverTime: 1654409720, diff: 2ms=0.002s[0m
[0m2022-06-05 14:15:18 V/Net 2575966472: Recv: StatSvc.register[0m
[0m2022-06-05 14:15:18 V/Net 2575966472: Loading BdhSession from cache file[0m
[92m2022-06-05 14:15:18 I/Net 2575966472: Syncing friend message history...[0m
[0m2022-06-05 14:15:18 V/Net 2575966472: Send: StatSvc.GetDevLoginInfo(StatSvc.GetDevLoginInfo)[0m
[92m2022-06-05 14:15:18 I/Net 2575966472: Start loading stranger list...[0m
[92m2022-06-05 14:15:18 I/Net 2575966472: Start loading friend list...[0m
[0m2022-06-05 14:15:18 V/Net 2575966472: Send: OidbSvc.0x496(OidbSvc.0x496)[0m
[0m2022-06-05 14:15:18 V/Net 2575966472: Send: OidbSvc.0x5d2_0(OidbSvc.0x5d2_0)[0m
[0m2022-06-05 14:15:18 V/Net 2575966472: Send: friendlist.getFriendGroupList(friendlist.getFriendGroupList)[0m
[92m2022-06-05 14:15:18 I/Net 2575966472: Successfully loaded stranger list: 0 in total[0m
[0m2022-06-05 14:15:18 V/Net 2575966472: Recv: OidbSvc.0x5d2_0[0m
[0m2022-06-05 14:15:18 V/Net 2575966472: Recv: StatSvc.GetDevLoginInfo[0m
[92m2022-06-05 14:15:18 I/Net 2575966472: No OtherClient online.[0m
[92m2022-06-05 14:15:18 I/Net 2575966472: Start loading group list...[0m
[0m2022-06-05 14:15:18 V/Net 2575966472: Recv: OidbSvc.0x496[0m
[0m2022-06-05 14:15:18 V/Net 2575966472: Send: friendlist.GetTroopListReqV2(friendlist.GetTroopListReqV2)[0m
[92m2022-06-05 14:15:18 I/Net 2575966472: Syncing friend message history: Success.[0m
[0m2022-06-05 14:15:18 V/Net 2575966472: Recv: friendlist.getFriendGroupList[0m
[0m2022-06-05 14:15:18 V/Net 2575966472: Loading friend list: 3/3[0m
[92m2022-06-05 14:15:18 I/Net 2575966472: Successfully loaded friend list: 3 in total[0m
[0m2022-06-05 14:15:18 V/Net 2575966472: Recv: friendlist.GetTroopListReqV2[0m
[0m2022-06-05 14:15:18 V/Net 2575966472: Send: friendlist.GetTroopMemberListReq(friendlist.GetTroopMemberListReq)[0m
[0m2022-06-05 14:15:18 V/Net 2575966472: Recv: friendlist.GetTroopMemberListReq[0m
[92m2022-06-05 14:15:18 I/Net 2575966472: Successfully loaded group list: 1 in total.[0m
[92m2022-06-05 14:15:18 I/Net 2575966472: Scheduled refresh login session in 19d 23h 55min 0.0s.[0m
[92m2022-06-05 14:15:18 I/Net 2575966472: Scheduled key refresh in 23h 55min 0.0s.[0m
[0m2022-06-05 14:15:21 V/Net 2575966472: Saving bdh session to cache[0m
[0m2022-06-05 14:15:21 V/Net 2575966472: Send: ConfigPushSvc.PushResp(ConfigPushSvc.PushResp)[0m
[0m2022-06-05 14:15:21 V/Net 2575966472: Recv: ConfigPushSvc.PushReq[0m
[0m2022-06-05 14:17:20 V/Net 2575966472: Loading server list from cache.[0m
[92m2022-06-05 14:17:20 I/Net 2575966472: Server list: 42.81.192.181:80, 116.130.229.191:80, 163.177.30.248:80, 183.47.102.218:8080, 58.212.179.34:14000, msfwifi.3g.qq.com:8080, 120.232.67.218:443.[0m
[92m2022-06-05 14:17:21 I/Net 2575966472: ECDH key is valid.[0m
[0m2022-06-05 14:17:21 V/Net 2575966472: Send: wtlogin.exchange_emp[0m
[0m2022-06-05 14:17:21 V/Net 2575966472: Recv: wtlogin.exchange_emp[0m
[0m2022-06-05 14:17:21 V/Net 2575966472: Send: StatSvc.register(online)[0m
[92m2022-06-05 14:17:21 I/Net 2575966472: Server time updated, serverTime: 1654409843, diff: 2ms=0.002s[0m
[0m2022-06-05 14:17:21 V/Net 2575966472: Recv: StatSvc.register[0m
[0m2022-06-05 14:17:21 V/Net 2575966472: Loading BdhSession from cache file[0m
[92m2022-06-05 14:17:21 I/Net 2575966472: Syncing friend message history...[0m
[92m2022-06-05 14:17:21 I/Net 2575966472: Start loading stranger list...[0m
[92m2022-06-05 14:17:21 I/Net 2575966472: Start loading friend list...[0m
[0m2022-06-05 14:17:21 V/Net 2575966472: Send: StatSvc.GetDevLoginInfo(StatSvc.GetDevLoginInfo)[0m
[0m2022-06-05 14:17:21 V/Net 2575966472: Send: OidbSvc.0x496(OidbSvc.0x496)[0m
[0m2022-06-05 14:17:21 V/Net 2575966472: Send: friendlist.getFriendGroupList(friendlist.getFriendGroupList)[0m
[0m2022-06-05 14:17:21 V/Net 2575966472: Send: OidbSvc.0x5d2_0(OidbSvc.0x5d2_0)[0m
[0m2022-06-05 14:17:21 V/Net 2575966472: Recv: OidbSvc.0x5d2_0[0m
[92m2022-06-05 14:17:21 I/Net 2575966472: Successfully loaded stranger list: 0 in total[0m
[92m2022-06-05 14:17:21 I/Net 2575966472: Start loading group list...[0m
[0m2022-06-05 14:17:21 V/Net 2575966472: Recv: OidbSvc.0x496[0m
[0m2022-06-05 14:17:21 V/Net 2575966472: Send: friendlist.GetTroopListReqV2(friendlist.GetTroopListReqV2)[0m
[0m2022-06-05 14:17:21 V/Net 2575966472: Recv: StatSvc.GetDevLoginInfo[0m
[92m2022-06-05 14:17:21 I/Net 2575966472: No OtherClient online.[0m
[92m2022-06-05 14:17:21 I/Net 2575966472: Syncing friend message history: Success.[0m
[0m2022-06-05 14:17:21 V/Net 2575966472: Recv: friendlist.getFriendGroupList[0m
[0m2022-06-05 14:17:21 V/Net 2575966472: Loading friend list: 3/3[0m
[92m2022-06-05 14:17:21 I/Net 2575966472: Successfully loaded friend list: 3 in total[0m
[0m2022-06-05 14:17:22 V/Net 2575966472: Recv: friendlist.GetTroopListReqV2[0m
[0m2022-06-05 14:17:22 V/Net 2575966472: Send: friendlist.GetTroopMemberListReq(friendlist.GetTroopMemberListReq)[0m
[0m2022-06-05 14:17:22 V/Net 2575966472: Recv: friendlist.GetTroopMemberListReq[0m
[92m2022-06-05 14:17:22 I/Net 2575966472: Successfully loaded group list: 1 in total.[0m
[92m2022-06-05 14:17:22 I/Net 2575966472: Scheduled key refresh in 23h 55min 0.0s.[0m
[92m2022-06-05 14:17:22 I/Net 2575966472: Scheduled refresh login session in 19d 23h 55min 0.0s.[0m
[0m2022-06-05 14:17:24 V/Net 2575966472: Saving bdh session to cache[0m
[0m2022-06-05 14:17:24 V/Net 2575966472: Send: ConfigPushSvc.PushResp(ConfigPushSvc.PushResp)[0m
[0m2022-06-05 14:17:24 V/Net 2575966472: Recv: ConfigPushSvc.PushReq[0m
[0m2022-06-05 14:18:23 V/Net 2575966472: Send: StatSvc.register(offline)[0m
[0m2022-06-05 14:18:54 V/Net 2575966472: Loading server list from cache.[0m
[92m2022-06-05 14:18:54 I/Net 2575966472: Server list: 42.81.192.181:80, 116.130.229.191:80, 163.177.30.248:80, 183.47.102.218:8080, 58.212.179.34:14000, msfwifi.3g.qq.com:8080, 120.232.67.218:443.[0m
[92m2022-06-05 14:18:54 I/Net 2575966472: ECDH key is valid.[0m
[0m2022-06-05 14:18:54 V/Net 2575966472: Send: wtlogin.exchange_emp[0m
[0m2022-06-05 14:18:55 V/Net 2575966472: Recv: wtlogin.exchange_emp[0m
[0m2022-06-05 14:18:55 V/Net 2575966472: Send: StatSvc.register(online)[0m
[92m2022-06-05 14:18:55 I/Net 2575966472: Server time updated, serverTime: 1654409936, diff: 1ms=0.001s[0m
[0m2022-06-05 14:18:55 V/Net 2575966472: Recv: StatSvc.register[0m
[0m2022-06-05 14:18:55 V/Net 2575966472: Loading BdhSession from cache file[0m
[92m2022-06-05 14:18:55 I/Net 2575966472: Syncing friend message history...[0m
[92m2022-06-05 14:18:55 I/Net 2575966472: Start loading friend list...[0m
[92m2022-06-05 14:18:55 I/Net 2575966472: Start loading stranger list...[0m
[0m2022-06-05 14:18:55 V/Net 2575966472: Send: StatSvc.GetDevLoginInfo(StatSvc.GetDevLoginInfo)[0m
[0m2022-06-05 14:18:55 V/Net 2575966472: Send: OidbSvc.0x496(OidbSvc.0x496)[0m
[0m2022-06-05 14:18:55 V/Net 2575966472: Send: OidbSvc.0x5d2_0(OidbSvc.0x5d2_0)[0m
[0m2022-06-05 14:18:55 V/Net 2575966472: Send: friendlist.getFriendGroupList(friendlist.getFriendGroupList)[0m
[92m2022-06-05 14:18:55 I/Net 2575966472: Start loading group list...[0m
[0m2022-06-05 14:18:55 V/Net 2575966472: Recv: OidbSvc.0x496[0m
[0m2022-06-05 14:18:55 V/Net 2575966472: Send: friendlist.GetTroopListReqV2(friendlist.GetTroopListReqV2)[0m
[0m2022-06-05 14:18:55 V/Net 2575966472: Recv: OidbSvc.0x5d2_0[0m
[92m2022-06-05 14:18:55 I/Net 2575966472: Successfully loaded stranger list: 0 in total[0m
[0m2022-06-05 14:18:55 V/Net 2575966472: Recv: StatSvc.GetDevLoginInfo[0m
[92m2022-06-05 14:18:55 I/Net 2575966472: No OtherClient online.[0m
[92m2022-06-05 14:18:55 I/Net 2575966472: Syncing friend message history: Success.[0m
[0m2022-06-05 14:18:55 V/Net 2575966472: Recv: friendlist.getFriendGroupList[0m
[0m2022-06-05 14:18:55 V/Net 2575966472: Loading friend list: 3/3[0m
[92m2022-06-05 14:18:55 I/Net 2575966472: Successfully loaded friend list: 3 in total[0m
[0m2022-06-05 14:18:55 V/Net 2575966472: Recv: friendlist.GetTroopListReqV2[0m
[0m2022-06-05 14:18:55 V/Net 2575966472: Send: friendlist.GetTroopMemberListReq(friendlist.GetTroopMemberListReq)[0m
[0m2022-06-05 14:18:55 V/Net 2575966472: Recv: friendlist.GetTroopMemberListReq[0m
[92m2022-06-05 14:18:55 I/Net 2575966472: Successfully loaded group list: 1 in total.[0m
[92m2022-06-05 14:18:55 I/Net 2575966472: Scheduled refresh login session in 19d 23h 55min 0.0s.[0m
[92m2022-06-05 14:18:55 I/Net 2575966472: Scheduled key refresh in 23h 55min 0.0s.[0m
[0m2022-06-05 14:18:58 V/Net 2575966472: Saving bdh session to cache[0m
[0m2022-06-05 14:18:58 V/Net 2575966472: Send: ConfigPushSvc.PushResp(ConfigPushSvc.PushResp)[0m
[0m2022-06-05 14:18:58 V/Net 2575966472: Recv: ConfigPushSvc.PushReq[0m
[0m2022-06-05 14:19:42 V/Net 2575966472: Loading server list from cache.[0m
[92m2022-06-05 14:19:42 I/Net 2575966472: Server list: 42.81.192.181:80, 116.130.229.191:80, 163.177.30.248:80, 183.47.102.218:8080, 58.212.179.34:14000, msfwifi.3g.qq.com:8080, 120.232.67.218:443.[0m
[92m2022-06-05 14:19:42 I/Net 2575966472: ECDH key is valid.[0m
[0m2022-06-05 14:19:43 V/Net 2575966472: Send: wtlogin.exchange_emp[0m
[0m2022-06-05 14:19:43 V/Net 2575966472: Recv: wtlogin.exchange_emp[0m
[0m2022-06-05 14:19:43 V/Net 2575966472: Send: StatSvc.register(online)[0m
[92m2022-06-05 14:19:43 I/Net 2575966472: Server time updated, serverTime: 1654409984, diff: 1ms=0.001s[0m
[0m2022-06-05 14:19:43 V/Net 2575966472: Recv: StatSvc.register[0m
[0m2022-06-05 14:19:43 V/Net 2575966472: Loading BdhSession from cache file[0m
[92m2022-06-05 14:19:43 I/Net 2575966472: Syncing friend message history...[0m
[92m2022-06-05 14:19:43 I/Net 2575966472: Start loading stranger list...[0m
[92m2022-06-05 14:19:43 I/Net 2575966472: Start loading friend list...[0m
[0m2022-06-05 14:19:43 V/Net 2575966472: Send: StatSvc.GetDevLoginInfo(StatSvc.GetDevLoginInfo)[0m
[0m2022-06-05 14:19:43 V/Net 2575966472: Send: OidbSvc.0x496(OidbSvc.0x496)[0m
[0m2022-06-05 14:19:43 V/Net 2575966472: Send: OidbSvc.0x5d2_0(OidbSvc.0x5d2_0)[0m
[0m2022-06-05 14:19:43 V/Net 2575966472: Send: friendlist.getFriendGroupList(friendlist.getFriendGroupList)[0m
[0m2022-06-05 14:19:43 V/Net 2575966472: Recv: OidbSvc.0x496[0m
[92m2022-06-05 14:19:43 I/Net 2575966472: Start loading group list...[0m
[0m2022-06-05 14:19:43 V/Net 2575966472: Send: friendlist.GetTroopListReqV2(friendlist.GetTroopListReqV2)[0m
[92m2022-06-05 14:19:43 I/Net 2575966472: Successfully loaded stranger list: 0 in total[0m
[0m2022-06-05 14:19:43 V/Net 2575966472: Recv: OidbSvc.0x5d2_0[0m
[0m2022-06-05 14:19:43 V/Net 2575966472: Recv: StatSvc.GetDevLoginInfo[0m
[92m2022-06-05 14:19:43 I/Net 2575966472: No OtherClient online.[0m
[92m2022-06-05 14:19:43 I/Net 2575966472: Syncing friend message history: Success.[0m
[0m2022-06-05 14:19:43 V/Net 2575966472: Recv: friendlist.getFriendGroupList[0m
[0m2022-06-05 14:19:43 V/Net 2575966472: Loading friend list: 3/3[0m
[92m2022-06-05 14:19:43 I/Net 2575966472: Successfully loaded friend list: 3 in total[0m
[0m2022-06-05 14:19:43 V/Net 2575966472: Recv: friendlist.GetTroopListReqV2[0m
[0m2022-06-05 14:19:43 V/Net 2575966472: Send: friendlist.GetTroopMemberListReq(friendlist.GetTroopMemberListReq)[0m
[0m2022-06-05 14:19:43 V/Net 2575966472: Recv: friendlist.GetTroopMemberListReq[0m
[92m2022-06-05 14:19:43 I/Net 2575966472: Successfully loaded group list: 1 in total.[0m
[92m2022-06-05 14:19:43 I/Net 2575966472: Scheduled key refresh in 23h 55min 0.0s.[0m
[92m2022-06-05 14:19:43 I/Net 2575966472: Scheduled refresh login session in 19d 23h 55min 0.0s.[0m
[0m2022-06-05 14:19:46 V/Net 2575966472: Saving bdh session to cache[0m
[0m2022-06-05 14:19:46 V/Net 2575966472: Send: ConfigPushSvc.PushResp(ConfigPushSvc.PushResp)[0m
[0m2022-06-05 14:19:46 V/Net 2575966472: Recv: ConfigPushSvc.PushReq[0m
[0m2022-06-05 14:19:54 V/Net 2575966472: Send: MultiMsg.ApplyDown(MultiMsg.ApplyDown)[0m
[0m2022-06-05 14:19:54 V/Net 2575966472: Recv: MultiMsg.ApplyDown[0m
[0m2022-06-05 14:19:54 V/Net 2575966472: [Http] Downloading forward message from https://ssl.htdata.qq.com:443[0m
[0m2022-06-05 14:19:55 V/Net 2575966472: [Http] Downloading forward message: succeed[0m
[0m2022-06-05 14:20:18 V/Net 2575966472: Loading server list from cache.[0m
[92m2022-06-05 14:20:18 I/Net 2575966472: Server list: 42.81.192.181:80, 116.130.229.191:80, 163.177.30.248:80, 183.47.102.218:8080, 58.212.179.34:14000, msfwifi.3g.qq.com:8080, 120.232.67.218:443.[0m
[92m2022-06-05 14:20:19 I/Net 2575966472: ECDH key is valid.[0m
[0m2022-06-05 14:20:19 V/Net 2575966472: Send: wtlogin.exchange_emp[0m
[0m2022-06-05 14:20:19 V/Net 2575966472: Recv: wtlogin.exchange_emp[0m
[0m2022-06-05 14:20:19 V/Net 2575966472: Send: StatSvc.register(online)[0m
[92m2022-06-05 14:20:19 I/Net 2575966472: Server time updated, serverTime: 1654410021, diff: 2ms=0.002s[0m
[0m2022-06-05 14:20:19 V/Net 2575966472: Recv: StatSvc.register[0m
[0m2022-06-05 14:20:19 V/Net 2575966472: Loading BdhSession from cache file[0m
[92m2022-06-05 14:20:19 I/Net 2575966472: Syncing friend message history...[0m
[92m2022-06-05 14:20:19 I/Net 2575966472: Start loading friend list...[0m
[92m2022-06-05 14:20:19 I/Net 2575966472: Start loading stranger list...[0m
[0m2022-06-05 14:20:19 V/Net 2575966472: Send: StatSvc.GetDevLoginInfo(StatSvc.GetDevLoginInfo)[0m
[0m2022-06-05 14:20:19 V/Net 2575966472: Send: OidbSvc.0x496(OidbSvc.0x496)[0m
[0m2022-06-05 14:20:19 V/Net 2575966472: Send: OidbSvc.0x5d2_0(OidbSvc.0x5d2_0)[0m
[0m2022-06-05 14:20:19 V/Net 2575966472: Send: friendlist.getFriendGroupList(friendlist.getFriendGroupList)[0m
[0m2022-06-05 14:20:19 V/Net 2575966472: Recv: OidbSvc.0x496[0m
[92m2022-06-05 14:20:19 I/Net 2575966472: Start loading group list...[0m
[0m2022-06-05 14:20:19 V/Net 2575966472: Send: friendlist.GetTroopListReqV2(friendlist.GetTroopListReqV2)[0m
[92m2022-06-05 14:20:19 I/Net 2575966472: Successfully loaded stranger list: 0 in total[0m
[0m2022-06-05 14:20:19 V/Net 2575966472: Recv: OidbSvc.0x5d2_0[0m
[0m2022-06-05 14:20:19 V/Net 2575966472: Recv: StatSvc.GetDevLoginInfo[0m
[92m2022-06-05 14:20:19 I/Net 2575966472: No OtherClient online.[0m
[92m2022-06-05 14:20:19 I/Net 2575966472: Syncing friend message history: Success.[0m
[0m2022-06-05 14:20:19 V/Net 2575966472: Recv: friendlist.getFriendGroupList[0m
[0m2022-06-05 14:20:19 V/Net 2575966472: Loading friend list: 3/3[0m
[92m2022-06-05 14:20:19 I/Net 2575966472: Successfully loaded friend list: 3 in total[0m
[0m2022-06-05 14:20:19 V/Net 2575966472: Recv: friendlist.GetTroopListReqV2[0m
[0m2022-06-05 14:20:19 V/Net 2575966472: Send: friendlist.GetTroopMemberListReq(friendlist.GetTroopMemberListReq)[0m
[0m2022-06-05 14:20:19 V/Net 2575966472: Recv: friendlist.GetTroopMemberListReq[0m
[92m2022-06-05 14:20:19 I/Net 2575966472: Successfully loaded group list: 1 in total.[0m
[92m2022-06-05 14:20:19 I/Net 2575966472: Scheduled refresh login session in 19d 23h 55min 0.0s.[0m
[92m2022-06-05 14:20:19 I/Net 2575966472: Scheduled key refresh in 23h 55min 0.0s.[0m
[0m2022-06-05 14:20:22 V/Net 2575966472: Saving bdh session to cache[0m
[0m2022-06-05 14:20:22 V/Net 2575966472: Send: ConfigPushSvc.PushResp(ConfigPushSvc.PushResp)[0m
[0m2022-06-05 14:20:22 V/Net 2575966472: Recv: ConfigPushSvc.PushReq[0m
[0m2022-06-05 14:23:12 V/Net 2575966472: Loading server list from cache.[0m
[92m2022-06-05 14:23:12 I/Net 2575966472: Server list: 42.81.192.181:80, 116.130.229.191:80, 163.177.30.248:80, 183.47.102.218:8080, 58.212.179.34:14000, msfwifi.3g.qq.com:8080, 120.232.67.218:443.[0m
[92m2022-06-05 14:23:13 I/Net 2575966472: ECDH key is valid.[0m
[0m2022-06-05 14:23:13 V/Net 2575966472: Send: wtlogin.exchange_emp[0m
[0m2022-06-05 14:23:13 V/Net 2575966472: Recv: wtlogin.exchange_emp[0m
[0m2022-06-05 14:23:13 V/Net 2575966472: Send: StatSvc.register(online)[0m
[92m2022-06-05 14:23:13 I/Net 2575966472: Server time updated, serverTime: 1654410195, diff: 2ms=0.002s[0m
[0m2022-06-05 14:23:13 V/Net 2575966472: Recv: StatSvc.register[0m
[0m2022-06-05 14:23:13 V/Net 2575966472: Loading BdhSession from cache file[0m
[92m2022-06-05 14:23:13 I/Net 2575966472: Syncing friend message history...[0m
[92m2022-06-05 14:23:13 I/Net 2575966472: Start loading friend list...[0m
[92m2022-06-05 14:23:13 I/Net 2575966472: Start loading stranger list...[0m
[0m2022-06-05 14:23:13 V/Net 2575966472: Send: StatSvc.GetDevLoginInfo(StatSvc.GetDevLoginInfo)[0m
[0m2022-06-05 14:23:13 V/Net 2575966472: Send: OidbSvc.0x496(OidbSvc.0x496)[0m
[0m2022-06-05 14:23:13 V/Net 2575966472: Send: friendlist.getFriendGroupList(friendlist.getFriendGroupList)[0m
[0m2022-06-05 14:23:13 V/Net 2575966472: Send: OidbSvc.0x5d2_0(OidbSvc.0x5d2_0)[0m
[0m2022-06-05 14:23:13 V/Net 2575966472: Recv: OidbSvc.0x496[0m
[92m2022-06-05 14:23:13 I/Net 2575966472: Start loading group list...[0m
[0m2022-06-05 14:23:13 V/Net 2575966472: Send: friendlist.GetTroopListReqV2(friendlist.GetTroopListReqV2)[0m
[92m2022-06-05 14:23:13 I/Net 2575966472: Successfully loaded stranger list: 0 in total[0m
[0m2022-06-05 14:23:13 V/Net 2575966472: Recv: OidbSvc.0x5d2_0[0m
[0m2022-06-05 14:23:13 V/Net 2575966472: Recv: StatSvc.GetDevLoginInfo[0m
[92m2022-06-05 14:23:13 I/Net 2575966472: No OtherClient online.[0m
[92m2022-06-05 14:23:13 I/Net 2575966472: Syncing friend message history: Success.[0m
[0m2022-06-05 14:23:13 V/Net 2575966472: Recv: friendlist.getFriendGroupList[0m
[0m2022-06-05 14:23:13 V/Net 2575966472: Loading friend list: 3/3[0m
[92m2022-06-05 14:23:13 I/Net 2575966472: Successfully loaded friend list: 3 in total[0m
[0m2022-06-05 14:23:14 V/Net 2575966472: Recv: friendlist.GetTroopListReqV2[0m
[0m2022-06-05 14:23:14 V/Net 2575966472: Send: friendlist.GetTroopMemberListReq(friendlist.GetTroopMemberListReq)[0m
[0m2022-06-05 14:23:14 V/Net 2575966472: Recv: friendlist.GetTroopMemberListReq[0m
[92m2022-06-05 14:23:14 I/Net 2575966472: Successfully loaded group list: 1 in total.[0m
[92m2022-06-05 14:23:14 I/Net 2575966472: Scheduled refresh login session in 19d 23h 55min 0.0s.[0m
[92m2022-06-05 14:23:14 I/Net 2575966472: Scheduled key refresh in 23h 55min 0.0s.[0m
[0m2022-06-05 14:23:16 V/Net 2575966472: Saving bdh session to cache[0m
[0m2022-06-05 14:23:16 V/Net 2575966472: Send: ConfigPushSvc.PushResp(ConfigPushSvc.PushResp)[0m
[0m2022-06-05 14:23:16 V/Net 2575966472: Recv: ConfigPushSvc.PushReq[0m
[0m2022-06-05 14:23:49 V/Net 2575966472: Loading server list from cache.[0m
[92m2022-06-05 14:23:49 I/Net 2575966472: Server list: 42.81.192.181:80, 116.130.229.191:80, 163.177.30.248:80, 183.47.102.218:8080, 58.212.179.34:14000, msfwifi.3g.qq.com:8080, 120.232.67.218:443.[0m
[92m2022-06-05 14:23:50 I/Net 2575966472: ECDH key is valid.[0m
[0m2022-06-05 14:23:50 V/Net 2575966472: Send: wtlogin.exchange_emp[0m
[0m2022-06-05 14:23:50 V/Net 2575966472: Recv: wtlogin.exchange_emp[0m
[0m2022-06-05 14:23:50 V/Net 2575966472: Send: StatSvc.register(online)[0m
[92m2022-06-05 14:23:50 I/Net 2575966472: Server time updated, serverTime: 1654410232, diff: 2ms=0.002s[0m
[0m2022-06-05 14:23:50 V/Net 2575966472: Recv: StatSvc.register[0m
[0m2022-06-05 14:23:50 V/Net 2575966472: Loading BdhSession from cache file[0m
[92m2022-06-05 14:23:50 I/Net 2575966472: Syncing friend message history...[0m
[92m2022-06-05 14:23:50 I/Net 2575966472: Start loading friend list...[0m
[92m2022-06-05 14:23:50 I/Net 2575966472: Start loading stranger list...[0m
[0m2022-06-05 14:23:50 V/Net 2575966472: Send: StatSvc.GetDevLoginInfo(StatSvc.GetDevLoginInfo)[0m
[0m2022-06-05 14:23:50 V/Net 2575966472: Send: OidbSvc.0x496(OidbSvc.0x496)[0m
[0m2022-06-05 14:23:50 V/Net 2575966472: Send: OidbSvc.0x5d2_0(OidbSvc.0x5d2_0)[0m
[0m2022-06-05 14:23:50 V/Net 2575966472: Send: friendlist.getFriendGroupList(friendlist.getFriendGroupList)[0m
[0m2022-06-05 14:23:50 V/Net 2575966472: Recv: OidbSvc.0x5d2_0[0m
[92m2022-06-05 14:23:50 I/Net 2575966472: Successfully loaded stranger list: 0 in total[0m
[0m2022-06-05 14:23:50 V/Net 2575966472: Recv: StatSvc.GetDevLoginInfo[0m
[92m2022-06-05 14:23:50 I/Net 2575966472: No OtherClient online.[0m
[0m2022-06-05 14:23:50 V/Net 2575966472: Recv: OidbSvc.0x496[0m
[92m2022-06-05 14:23:50 I/Net 2575966472: Start loading group list...[0m
[0m2022-06-05 14:23:50 V/Net 2575966472: Send: friendlist.GetTroopListReqV2(friendlist.GetTroopListReqV2)[0m
[92m2022-06-05 14:23:50 I/Net 2575966472: Syncing friend message history: Success.[0m
[0m2022-06-05 14:23:50 V/Net 2575966472: Recv: friendlist.getFriendGroupList[0m
[0m2022-06-05 14:23:50 V/Net 2575966472: Loading friend list: 3/3[0m
[92m2022-06-05 14:23:50 I/Net 2575966472: Successfully loaded friend list: 3 in total[0m
[0m2022-06-05 14:23:51 V/Net 2575966472: Recv: friendlist.GetTroopListReqV2[0m
[0m2022-06-05 14:23:51 V/Net 2575966472: Send: friendlist.GetTroopMemberListReq(friendlist.GetTroopMemberListReq)[0m
[0m2022-06-05 14:23:51 V/Net 2575966472: Recv: friendlist.GetTroopMemberListReq[0m
[92m2022-06-05 14:23:51 I/Net 2575966472: Successfully loaded group list: 1 in total.[0m
[92m2022-06-05 14:23:51 I/Net 2575966472: Scheduled key refresh in 23h 55min 0.0s.[0m
[92m2022-06-05 14:23:51 I/Net 2575966472: Scheduled refresh login session in 19d 23h 55min 0.0s.[0m
[0m2022-06-05 14:23:53 V/Net 2575966472: Saving bdh session to cache[0m
[0m2022-06-05 14:23:53 V/Net 2575966472: Send: ConfigPushSvc.PushResp(ConfigPushSvc.PushResp)[0m
[0m2022-06-05 14:23:53 V/Net 2575966472: Recv: ConfigPushSvc.PushReq[0m
[0m2022-06-05 14:27:46 V/Net 2575966472: Loading server list from cache.[0m
[92m2022-06-05 14:27:46 I/Net 2575966472: Server list: 42.81.192.181:80, 116.130.229.191:80, 163.177.30.248:80, 183.47.102.218:8080, 58.212.179.34:14000, msfwifi.3g.qq.com:8080, 120.232.67.218:443.[0m
[92m2022-06-05 14:27:46 I/Net 2575966472: ECDH key is valid.[0m
[0m2022-06-05 14:27:46 V/Net 2575966472: Send: wtlogin.exchange_emp[0m
[0m2022-06-05 14:27:46 V/Net 2575966472: Recv: wtlogin.exchange_emp[0m
[0m2022-06-05 14:27:46 V/Net 2575966472: Send: StatSvc.register(online)[0m
[92m2022-06-05 14:27:46 I/Net 2575966472: Server time updated, serverTime: 1654410468, diff: 2ms=0.002s[0m
[0m2022-06-05 14:27:46 V/Net 2575966472: Recv: StatSvc.register[0m
[0m2022-06-05 14:27:46 V/Net 2575966472: Loading BdhSession from cache file[0m
[92m2022-06-05 14:27:46 I/Net 2575966472: Syncing friend message history...[0m
[92m2022-06-05 14:27:46 I/Net 2575966472: Start loading friend list...[0m
[92m2022-06-05 14:27:46 I/Net 2575966472: Start loading stranger list...[0m
[0m2022-06-05 14:27:46 V/Net 2575966472: Send: StatSvc.GetDevLoginInfo(StatSvc.GetDevLoginInfo)[0m
[0m2022-06-05 14:27:46 V/Net 2575966472: Send: OidbSvc.0x496(OidbSvc.0x496)[0m
[0m2022-06-05 14:27:46 V/Net 2575966472: Send: OidbSvc.0x5d2_0(OidbSvc.0x5d2_0)[0m
[0m2022-06-05 14:27:46 V/Net 2575966472: Send: friendlist.getFriendGroupList(friendlist.getFriendGroupList)[0m
[0m2022-06-05 14:27:47 V/Net 2575966472: Recv: StatSvc.GetDevLoginInfo[0m
[92m2022-06-05 14:27:47 I/Net 2575966472: No OtherClient online.[0m
[92m2022-06-05 14:27:47 I/Net 2575966472: Syncing friend message history: Success.[0m
[0m2022-06-05 14:27:47 V/Net 2575966472: Recv: friendlist.getFriendGroupList[0m
[0m2022-06-05 14:27:47 V/Net 2575966472: Loading friend list: 3/3[0m
[92m2022-06-05 14:27:47 I/Net 2575966472: Successfully loaded friend list: 3 in total[0m
[0m2022-06-05 14:27:47 V/Net 2575966472: Recv: OidbSvc.0x5d2_0[0m
[92m2022-06-05 14:27:47 I/Net 2575966472: Successfully loaded stranger list: 0 in total[0m
[92m2022-06-05 14:27:47 I/Net 2575966472: Start loading group list...[0m
[0m2022-06-05 14:27:47 V/Net 2575966472: Recv: OidbSvc.0x496[0m
[0m2022-06-05 14:27:47 V/Net 2575966472: Send: friendlist.GetTroopListReqV2(friendlist.GetTroopListReqV2)[0m
[0m2022-06-05 14:27:47 V/Net 2575966472: Recv: friendlist.GetTroopListReqV2[0m
[0m2022-06-05 14:27:47 V/Net 2575966472: Send: friendlist.GetTroopMemberListReq(friendlist.GetTroopMemberListReq)[0m
[0m2022-06-05 14:27:47 V/Net 2575966472: Recv: friendlist.GetTroopMemberListReq[0m
[92m2022-06-05 14:27:47 I/Net 2575966472: Successfully loaded group list: 1 in total.[0m
[92m2022-06-05 14:27:47 I/Net 2575966472: Scheduled refresh login session in 19d 23h 55min 0.0s.[0m
[92m2022-06-05 14:27:47 I/Net 2575966472: Scheduled key refresh in 23h 55min 0.0s.[0m
[0m2022-06-05 14:27:50 V/Net 2575966472: Saving bdh session to cache[0m
[0m2022-06-05 14:27:50 V/Net 2575966472: Send: ConfigPushSvc.PushResp(ConfigPushSvc.PushResp)[0m
[0m2022-06-05 14:27:50 V/Net 2575966472: Recv: ConfigPushSvc.PushReq[0m
[0m2022-06-05 14:32:22 V/Net 2575966472: Loading server list from cache.[0m
[92m2022-06-05 14:32:22 I/Net 2575966472: Server list: 42.81.192.181:80, 116.130.229.191:80, 163.177.30.248:80, 183.47.102.218:8080, 58.212.179.34:14000, msfwifi.3g.qq.com:8080, 120.232.67.218:443.[0m
[92m2022-06-05 14:32:23 I/Net 2575966472: ECDH key is valid.[0m
[0m2022-06-05 14:32:23 V/Net 2575966472: Send: wtlogin.exchange_emp[0m
[0m2022-06-05 14:32:23 V/Net 2575966472: Recv: wtlogin.exchange_emp[0m
[0m2022-06-05 14:32:23 V/Net 2575966472: Send: StatSvc.register(online)[0m
[92m2022-06-05 14:32:23 I/Net 2575966472: Server time updated, serverTime: 1654410745, diff: 2ms=0.002s[0m
[0m2022-06-05 14:32:23 V/Net 2575966472: Recv: StatSvc.register[0m
[0m2022-06-05 14:32:23 V/Net 2575966472: Loading BdhSession from cache file[0m
[92m2022-06-05 14:32:23 I/Net 2575966472: Syncing friend message history...[0m
[92m2022-06-05 14:32:23 I/Net 2575966472: Start loading friend list...[0m
[92m2022-06-05 14:32:23 I/Net 2575966472: Start loading stranger list...[0m
[0m2022-06-05 14:32:23 V/Net 2575966472: Send: StatSvc.GetDevLoginInfo(StatSvc.GetDevLoginInfo)[0m
[0m2022-06-05 14:32:23 V/Net 2575966472: Send: OidbSvc.0x496(OidbSvc.0x496)[0m
[0m2022-06-05 14:32:23 V/Net 2575966472: Send: OidbSvc.0x5d2_0(OidbSvc.0x5d2_0)[0m
[0m2022-06-05 14:32:23 V/Net 2575966472: Send: friendlist.getFriendGroupList(friendlist.getFriendGroupList)[0m
[92m2022-06-05 14:32:23 I/Net 2575966472: Start loading group list...[0m
[0m2022-06-05 14:32:23 V/Net 2575966472: Recv: OidbSvc.0x496[0m
[0m2022-06-05 14:32:23 V/Net 2575966472: Send: friendlist.GetTroopListReqV2(friendlist.GetTroopListReqV2)[0m
[92m2022-06-05 14:32:23 I/Net 2575966472: Successfully loaded stranger list: 0 in total[0m
[0m2022-06-05 14:32:23 V/Net 2575966472: Recv: OidbSvc.0x5d2_0[0m
[0m2022-06-05 14:32:23 V/Net 2575966472: Recv: StatSvc.GetDevLoginInfo[0m
[92m2022-06-05 14:32:23 I/Net 2575966472: No OtherClient online.[0m
[0m2022-06-05 14:32:23 V/Net 2575966472: Recv: friendlist.getFriendGroupList[0m
[0m2022-06-05 14:32:23 V/Net 2575966472: Loading friend list: 3/3[0m
[92m2022-06-05 14:32:23 I/Net 2575966472: Successfully loaded friend list: 3 in total[0m
[92m2022-06-05 14:32:23 I/Net 2575966472: Syncing friend message history: Success.[0m
[0m2022-06-05 14:32:23 V/Net 2575966472: Recv: friendlist.GetTroopListReqV2[0m
[0m2022-06-05 14:32:23 V/Net 2575966472: Send: friendlist.GetTroopMemberListReq(friendlist.GetTroopMemberListReq)[0m
[0m2022-06-05 14:32:23 V/Net 2575966472: Recv: friendlist.GetTroopMemberListReq[0m
[92m2022-06-05 14:32:23 I/Net 2575966472: Successfully loaded group list: 1 in total.[0m
[92m2022-06-05 14:32:23 I/Net 2575966472: Scheduled refresh login session in 19d 23h 55min 0.0s.[0m
[92m2022-06-05 14:32:23 I/Net 2575966472: Scheduled key refresh in 23h 55min 0.0s.[0m
[0m2022-06-05 14:32:26 V/Net 2575966472: Saving bdh session to cache[0m
[0m2022-06-05 14:32:26 V/Net 2575966472: Send: ConfigPushSvc.PushResp(ConfigPushSvc.PushResp)[0m
[0m2022-06-05 14:32:26 V/Net 2575966472: Recv: ConfigPushSvc.PushReq[0m
[0m2022-06-05 14:34:38 V/Net 2575966472: Loading server list from cache.[0m
[92m2022-06-05 14:34:38 I/Net 2575966472: Server list: 42.81.192.181:80, 116.130.229.191:80, 163.177.30.248:80, 183.47.102.218:8080, 58.212.179.34:14000, msfwifi.3g.qq.com:8080, 120.232.67.218:443.[0m
[92m2022-06-05 14:34:39 I/Net 2575966472: ECDH key is valid.[0m
[0m2022-06-05 14:34:39 V/Net 2575966472: Send: wtlogin.exchange_emp[0m
[0m2022-06-05 14:34:39 V/Net 2575966472: Recv: wtlogin.exchange_emp[0m
[0m2022-06-05 14:34:39 V/Net 2575966472: Send: StatSvc.register(online)[0m
[92m2022-06-05 14:34:39 I/Net 2575966472: Server time updated, serverTime: 1654410881, diff: 2ms=0.002s[0m
[0m2022-06-05 14:34:39 V/Net 2575966472: Recv: StatSvc.register[0m
[0m2022-06-05 14:34:39 V/Net 2575966472: Loading BdhSession from cache file[0m
[92m2022-06-05 14:34:39 I/Net 2575966472: Syncing friend message history...[0m
[92m2022-06-05 14:34:39 I/Net 2575966472: Start loading stranger list...[0m
[92m2022-06-05 14:34:39 I/Net 2575966472: Start loading friend list...[0m
[0m2022-06-05 14:34:39 V/Net 2575966472: Send: StatSvc.GetDevLoginInfo(StatSvc.GetDevLoginInfo)[0m
[0m2022-06-05 14:34:39 V/Net 2575966472: Send: OidbSvc.0x496(OidbSvc.0x496)[0m
[0m2022-06-05 14:34:39 V/Net 2575966472: Send: OidbSvc.0x5d2_0(OidbSvc.0x5d2_0)[0m
[0m2022-06-05 14:34:39 V/Net 2575966472: Send: friendlist.getFriendGroupList(friendlist.getFriendGroupList)[0m
[0m2022-06-05 14:34:39 V/Net 2575966472: Recv: StatSvc.GetDevLoginInfo[0m
[92m2022-06-05 14:34:39 I/Net 2575966472: No OtherClient online.[0m
[0m2022-06-05 14:34:39 V/Net 2575966472: Recv: OidbSvc.0x5d2_0[0m
[92m2022-06-05 14:34:39 I/Net 2575966472: Successfully loaded stranger list: 0 in total[0m
[0m2022-06-05 14:34:39 V/Net 2575966472: Recv: friendlist.getFriendGroupList[0m
[0m2022-06-05 14:34:39 V/Net 2575966472: Loading friend list: 3/3[0m
[92m2022-06-05 14:34:39 I/Net 2575966472: Successfully loaded friend list: 3 in total[0m
[92m2022-06-05 14:34:39 I/Net 2575966472: Start loading group list...[0m
[0m2022-06-05 14:34:39 V/Net 2575966472: Recv: OidbSvc.0x496[0m
[0m2022-06-05 14:34:39 V/Net 2575966472: Send: friendlist.GetTroopListReqV2(friendlist.GetTroopListReqV2)[0m
[92m2022-06-05 14:34:39 I/Net 2575966472: Syncing friend message history: Success.[0m
[0m2022-06-05 14:34:40 V/Net 2575966472: Recv: friendlist.GetTroopListReqV2[0m
[0m2022-06-05 14:34:40 V/Net 2575966472: Send: friendlist.GetTroopMemberListReq(friendlist.GetTroopMemberListReq)[0m
[0m2022-06-05 14:34:40 V/Net 2575966472: Recv: friendlist.GetTroopMemberListReq[0m
[92m2022-06-05 14:34:40 I/Net 2575966472: Successfully loaded group list: 1 in total.[0m
[92m2022-06-05 14:34:40 I/Net 2575966472: Scheduled key refresh in 23h 55min 0.0s.[0m
[92m2022-06-05 14:34:40 I/Net 2575966472: Scheduled refresh login session in 19d 23h 55min 0.0s.[0m
[0m2022-06-05 14:34:42 V/Net 2575966472: Saving bdh session to cache[0m
[0m2022-06-05 14:34:42 V/Net 2575966472: Send: ConfigPushSvc.PushResp(ConfigPushSvc.PushResp)[0m
[0m2022-06-05 14:34:42 V/Net 2575966472: Recv: ConfigPushSvc.PushReq[0m
[0m2022-06-05 14:35:25 V/Net 2575966472: Send: StatSvc.register(offline)[0m
[0m2022-06-05 14:41:00 V/Net 2575966472: Loading server list from cache.[0m
[92m2022-06-05 14:41:00 I/Net 2575966472: Server list: 42.81.192.181:80, 116.130.229.191:80, 163.177.30.248:80, 183.47.102.218:8080, 58.212.179.34:14000, msfwifi.3g.qq.com:8080, 120.232.67.218:443.[0m
[92m2022-06-05 14:41:01 I/Net 2575966472: ECDH key is valid.[0m
[0m2022-06-05 14:41:01 V/Net 2575966472: Send: wtlogin.exchange_emp[0m
[0m2022-06-05 14:41:01 V/Net 2575966472: Recv: wtlogin.exchange_emp[0m
[0m2022-06-05 14:41:01 V/Net 2575966472: Send: StatSvc.register(online)[0m
[92m2022-06-05 14:41:01 I/Net 2575966472: Server time updated, serverTime: 1654411263, diff: 2ms=0.002s[0m
[0m2022-06-05 14:41:01 V/Net 2575966472: Recv: StatSvc.register[0m
[0m2022-06-05 14:41:01 V/Net 2575966472: Loading BdhSession from cache file[0m
[92m2022-06-05 14:41:01 I/Net 2575966472: Syncing friend message history...[0m
[92m2022-06-05 14:41:01 I/Net 2575966472: Start loading friend list...[0m
[92m2022-06-05 14:41:01 I/Net 2575966472: Start loading stranger list...[0m
[0m2022-06-05 14:41:01 V/Net 2575966472: Send: StatSvc.GetDevLoginInfo(StatSvc.GetDevLoginInfo)[0m
[0m2022-06-05 14:41:01 V/Net 2575966472: Send: OidbSvc.0x496(OidbSvc.0x496)[0m
[0m2022-06-05 14:41:01 V/Net 2575966472: Send: OidbSvc.0x5d2_0(OidbSvc.0x5d2_0)[0m
[0m2022-06-05 14:41:01 V/Net 2575966472: Send: friendlist.getFriendGroupList(friendlist.getFriendGroupList)[0m
[0m2022-06-05 14:41:01 V/Net 2575966472: Recv: StatSvc.GetDevLoginInfo[0m
[92m2022-06-05 14:41:01 I/Net 2575966472: No OtherClient online.[0m
[0m2022-06-05 14:41:01 V/Net 2575966472: Recv: OidbSvc.0x5d2_0[0m
[92m2022-06-05 14:41:01 I/Net 2575966472: Successfully loaded stranger list: 0 in total[0m
[0m2022-06-05 14:41:01 V/Net 2575966472: Recv: friendlist.getFriendGroupList[0m
[0m2022-06-05 14:41:01 V/Net 2575966472: Loading friend list: 3/3[0m
[92m2022-06-05 14:41:01 I/Net 2575966472: Successfully loaded friend list: 3 in total[0m
[92m2022-06-05 14:41:01 I/Net 2575966472: Start loading group list...[0m
[0m2022-06-05 14:41:01 V/Net 2575966472: Recv: OidbSvc.0x496[0m
[0m2022-06-05 14:41:01 V/Net 2575966472: Send: friendlist.GetTroopListReqV2(friendlist.GetTroopListReqV2)[0m
[92m2022-06-05 14:41:01 I/Net 2575966472: Syncing friend message history: Success.[0m
[0m2022-06-05 14:41:01 V/Net 2575966472: Recv: friendlist.GetTroopListReqV2[0m
[0m2022-06-05 14:41:01 V/Net 2575966472: Send: friendlist.GetTroopMemberListReq(friendlist.GetTroopMemberListReq)[0m
[0m2022-06-05 14:41:01 V/Net 2575966472: Recv: friendlist.GetTroopMemberListReq[0m
[92m2022-06-05 14:41:02 I/Net 2575966472: Successfully loaded group list: 1 in total.[0m
[92m2022-06-05 14:41:02 I/Net 2575966472: Scheduled refresh login session in 19d 23h 55min 0.0s.[0m
[92m2022-06-05 14:41:02 I/Net 2575966472: Scheduled key refresh in 23h 55min 0.0s.[0m
[0m2022-06-05 14:41:04 V/Net 2575966472: Saving bdh session to cache[0m
[0m2022-06-05 14:41:04 V/Net 2575966472: Send: ConfigPushSvc.PushResp(ConfigPushSvc.PushResp)[0m
[0m2022-06-05 14:41:04 V/Net 2575966472: Recv: ConfigPushSvc.PushReq[0m
[0m2022-06-05 14:46:57 V/Net 2575966472: Loading server list from cache.[0m
[92m2022-06-05 14:46:57 I/Net 2575966472: Server list: 42.81.192.181:80, 116.130.229.191:80, 163.177.30.248:80, 183.47.102.218:8080, 58.212.179.34:14000, msfwifi.3g.qq.com:8080, 120.232.67.218:443.[0m
[92m2022-06-05 14:46:58 I/Net 2575966472: ECDH key is valid.[0m
[0m2022-06-05 14:46:58 V/Net 2575966472: Send: wtlogin.exchange_emp[0m
[0m2022-06-05 14:46:58 V/Net 2575966472: Recv: wtlogin.exchange_emp[0m
[0m2022-06-05 14:46:58 V/Net 2575966472: Send: StatSvc.register(online)[0m
[92m2022-06-05 14:46:58 I/Net 2575966472: Server time updated, serverTime: 1654411620, diff: 2ms=0.002s[0m
[0m2022-06-05 14:46:58 V/Net 2575966472: Recv: StatSvc.register[0m
[0m2022-06-05 14:46:58 V/Net 2575966472: Loading BdhSession from cache file[0m
[92m2022-06-05 14:46:58 I/Net 2575966472: Syncing friend message history...[0m
[92m2022-06-05 14:46:58 I/Net 2575966472: Start loading stranger list...[0m
[92m2022-06-05 14:46:58 I/Net 2575966472: Start loading friend list...[0m
[0m2022-06-05 14:46:58 V/Net 2575966472: Send: StatSvc.GetDevLoginInfo(StatSvc.GetDevLoginInfo)[0m
[0m2022-06-05 14:46:58 V/Net 2575966472: Send: OidbSvc.0x496(OidbSvc.0x496)[0m
[0m2022-06-05 14:46:58 V/Net 2575966472: Send: OidbSvc.0x5d2_0(OidbSvc.0x5d2_0)[0m
[0m2022-06-05 14:46:58 V/Net 2575966472: Send: friendlist.getFriendGroupList(friendlist.getFriendGroupList)[0m
[92m2022-06-05 14:46:58 I/Net 2575966472: Start loading group list...[0m
[0m2022-06-05 14:46:58 V/Net 2575966472: Recv: OidbSvc.0x496[0m
[0m2022-06-05 14:46:58 V/Net 2575966472: Send: friendlist.GetTroopListReqV2(friendlist.GetTroopListReqV2)[0m
[0m2022-06-05 14:46:58 V/Net 2575966472: Recv: OidbSvc.0x5d2_0[0m
[92m2022-06-05 14:46:58 I/Net 2575966472: Successfully loaded stranger list: 0 in total[0m
[0m2022-06-05 14:46:58 V/Net 2575966472: Recv: StatSvc.GetDevLoginInfo[0m
[92m2022-06-05 14:46:58 I/Net 2575966472: No OtherClient online.[0m
[0m2022-06-05 14:46:58 V/Net 2575966472: Recv: friendlist.getFriendGroupList[0m
[0m2022-06-05 14:46:58 V/Net 2575966472: Loading friend list: 3/3[0m
[92m2022-06-05 14:46:58 I/Net 2575966472: Successfully loaded friend list: 3 in total[0m
[92m2022-06-05 14:46:58 I/Net 2575966472: Syncing friend message history: Success.[0m
[0m2022-06-05 14:46:58 V/Net 2575966472: Recv: friendlist.GetTroopListReqV2[0m
[0m2022-06-05 14:46:58 V/Net 2575966472: Send: friendlist.GetTroopMemberListReq(friendlist.GetTroopMemberListReq)[0m
[0m2022-06-05 14:46:58 V/Net 2575966472: Recv: friendlist.GetTroopMemberListReq[0m
[92m2022-06-05 14:46:58 I/Net 2575966472: Successfully loaded group list: 1 in total.[0m
[92m2022-06-05 14:46:58 I/Net 2575966472: Scheduled refresh login session in 19d 23h 55min 0.0s.[0m
[92m2022-06-05 14:46:58 I/Net 2575966472: Scheduled key refresh in 23h 55min 0.0s.[0m
[0m2022-06-05 14:47:01 V/Net 2575966472: Saving bdh session to cache[0m
[0m2022-06-05 14:47:01 V/Net 2575966472: Send: ConfigPushSvc.PushResp(ConfigPushSvc.PushResp)[0m
[0m2022-06-05 14:47:01 V/Net 2575966472: Recv: ConfigPushSvc.PushReq[0m
[0m2022-06-05 14:49:26 V/Net 2575966472: Send: StatSvc.register(offline)[0m
[0m2022-06-05 14:49:46 V/Net 2575966472: Loading server list from cache.[0m
[92m2022-06-05 14:49:46 I/Net 2575966472: Server list: 42.81.192.181:80, 116.130.229.191:80, 163.177.30.248:80, 183.47.102.218:8080, 58.212.179.34:14000, msfwifi.3g.qq.com:8080, 120.232.67.218:443.[0m
[92m2022-06-05 14:49:47 I/Net 2575966472: ECDH key is valid.[0m
[0m2022-06-05 14:49:47 V/Net 2575966472: Send: wtlogin.exchange_emp[0m
[0m2022-06-05 14:49:47 V/Net 2575966472: Recv: wtlogin.exchange_emp[0m
[0m2022-06-05 14:49:47 V/Net 2575966472: Send: StatSvc.register(online)[0m
[92m2022-06-05 14:49:47 I/Net 2575966472: Server time updated, serverTime: 1654411789, diff: 2ms=0.002s[0m
[0m2022-06-05 14:49:47 V/Net 2575966472: Recv: StatSvc.register[0m
[0m2022-06-05 14:49:47 V/Net 2575966472: Loading BdhSession from cache file[0m
[92m2022-06-05 14:49:47 I/Net 2575966472: Syncing friend message history...[0m
[92m2022-06-05 14:49:47 I/Net 2575966472: Start loading friend list...[0m
[0m2022-06-05 14:49:47 V/Net 2575966472: Send: StatSvc.GetDevLoginInfo(StatSvc.GetDevLoginInfo)[0m
[92m2022-06-05 14:49:47 I/Net 2575966472: Start loading stranger list...[0m
[0m2022-06-05 14:49:47 V/Net 2575966472: Send: OidbSvc.0x496(OidbSvc.0x496)[0m
[0m2022-06-05 14:49:47 V/Net 2575966472: Send: OidbSvc.0x5d2_0(OidbSvc.0x5d2_0)[0m
[0m2022-06-05 14:49:47 V/Net 2575966472: Send: friendlist.getFriendGroupList(friendlist.getFriendGroupList)[0m
[0m2022-06-05 14:49:47 V/Net 2575966472: Recv: OidbSvc.0x496[0m
[92m2022-06-05 14:49:47 I/Net 2575966472: Start loading group list...[0m
[0m2022-06-05 14:49:47 V/Net 2575966472: Send: friendlist.GetTroopListReqV2(friendlist.GetTroopListReqV2)[0m
[0m2022-06-05 14:49:47 V/Net 2575966472: Recv: StatSvc.GetDevLoginInfo[0m
[92m2022-06-05 14:49:47 I/Net 2575966472: No OtherClient online.[0m
[92m2022-06-05 14:49:47 I/Net 2575966472: Successfully loaded stranger list: 0 in total[0m
[0m2022-06-05 14:49:47 V/Net 2575966472: Recv: OidbSvc.0x5d2_0[0m
[0m2022-06-05 14:49:47 V/Net 2575966472: Recv: friendlist.getFriendGroupList[0m
[0m2022-06-05 14:49:47 V/Net 2575966472: Loading friend list: 3/3[0m
[92m2022-06-05 14:49:47 I/Net 2575966472: Successfully loaded friend list: 3 in total[0m
[92m2022-06-05 14:49:47 I/Net 2575966472: Syncing friend message history: Success.[0m
[0m2022-06-05 14:49:47 V/Net 2575966472: Recv: friendlist.GetTroopListReqV2[0m
[0m2022-06-05 14:49:47 V/Net 2575966472: Send: friendlist.GetTroopMemberListReq(friendlist.GetTroopMemberListReq)[0m
[0m2022-06-05 14:49:47 V/Net 2575966472: Recv: friendlist.GetTroopMemberListReq[0m
[92m2022-06-05 14:49:47 I/Net 2575966472: Successfully loaded group list: 1 in total.[0m
[92m2022-06-05 14:49:47 I/Net 2575966472: Scheduled key refresh in 23h 55min 0.0s.[0m
[92m2022-06-05 14:49:47 I/Net 2575966472: Scheduled refresh login session in 19d 23h 55min 0.0s.[0m
[0m2022-06-05 14:49:50 V/Net 2575966472: Saving bdh session to cache[0m
[0m2022-06-05 14:49:50 V/Net 2575966472: Send: ConfigPushSvc.PushResp(ConfigPushSvc.PushResp)[0m
[0m2022-06-05 14:49:50 V/Net 2575966472: Recv: ConfigPushSvc.PushReq[0m
[0m2022-06-05 14:49:59 V/Net 2575966472: Send: MessageSvc.PbSendMsg(MessageSvc.PbSendMsg)[0m
[0m2022-06-05 14:49:59 V/Net 2575966472: Recv: MessageSvc.PbSendMsg[0m
[0m2022-06-05 14:50:07 V/Net 2575966472: Send: MessageSvc.PbSendMsg(MessageSvc.PbSendMsg)[0m
[0m2022-06-05 14:50:07 V/Net 2575966472: Recv: MessageSvc.PbSendMsg[0m
[0m2022-06-05 14:50:12 V/Net 2575966472: Send: MessageSvc.PbSendMsg(MessageSvc.PbSendMsg)[0m
[0m2022-06-05 14:50:12 V/Net 2575966472: Recv: MessageSvc.PbSendMsg[0m
[0m2022-06-05 14:52:34 V/Net 2575966472: Send: StatSvc.register(offline)[0m
